{"D:\\VibeCoding\\数据结构学习助手3\\src\\vite-env.d.ts": {"path":"D:\\VibeCoding\\数据结构学习助手3\\src\\vite-env.d.ts","statementMap":{},"fnMap":{},"branchMap":{},"s":{},"f":{},"b":{},"meta":{"lastBranch":0,"lastFunction":0,"lastStatement":0,"seen":{}}}
,"D:\\VibeCoding\\数据结构学习助手3\\src\\algorithms\\graph\\bfs.ts": {"path":"D:\\VibeCoding\\数据结构学习助手3\\src\\algorithms\\graph\\bfs.ts","statementMap":{"0":{"start":{"line":12,"column":28},"end":{"line":12,"column":null}},"1":{"start":{"line":13,"column":53},"end":{"line":13,"column":null}},"2":{"start":{"line":14,"column":47},"end":{"line":14,"column":null}},"3":{"start":{"line":16,"column":21},"end":{"line":16,"column":null}},"4":{"start":{"line":17,"column":26},"end":{"line":17,"column":null}},"5":{"start":{"line":18,"column":2},"end":{"line":18,"column":null}},"6":{"start":{"line":20,"column":2},"end":{"line":20,"column":null}},"7":{"start":{"line":21,"column":2},"end":{"line":21,"column":null}},"8":{"start":{"line":23,"column":2},"end":{"line":41,"column":null}},"9":{"start":{"line":24,"column":20},"end":{"line":24,"column":null}},"10":{"start":{"line":25,"column":4},"end":{"line":25,"column":null}},"11":{"start":{"line":27,"column":4},"end":{"line":27,"column":null}},"12":{"start":{"line":28,"column":4},"end":{"line":28,"column":null}},"13":{"start":{"line":30,"column":22},"end":{"line":30,"column":null}},"14":{"start":{"line":31,"column":4},"end":{"line":40,"column":null}},"15":{"start":{"line":32,"column":6},"end":{"line":39,"column":null}},"16":{"start":{"line":33,"column":8},"end":{"line":33,"column":null}},"17":{"start":{"line":34,"column":8},"end":{"line":34,"column":null}},"18":{"start":{"line":35,"column":8},"end":{"line":35,"column":null}},"19":{"start":{"line":37,"column":8},"end":{"line":37,"column":null}},"20":{"start":{"line":38,"column":8},"end":{"line":38,"column":null}},"21":{"start":{"line":43,"column":2},"end":{"line":43,"column":null}}},"fnMap":{"0":{"name":"bfs","decl":{"start":{"line":7,"column":22},"end":{"line":7,"column":null}},"loc":{"start":{"line":11,"column":33},"end":{"line":44,"column":null}},"line":11}},"branchMap":{"0":{"loc":{"start":{"line":30,"column":22},"end":{"line":30,"column":null}},"type":"binary-expr","locations":[{"start":{"line":30,"column":22},"end":{"line":30,"column":52}},{"start":{"line":30,"column":52},"end":{"line":30,"column":null}}],"line":30},"1":{"loc":{"start":{"line":32,"column":6},"end":{"line":39,"column":null}},"type":"if","locations":[{"start":{"line":32,"column":6},"end":{"line":39,"column":null}},{"start":{},"end":{}}],"line":32}},"s":{"0":5,"1":5,"2":5,"3":5,"4":5,"5":5,"6":5,"7":5,"8":5,"9":30,"10":30,"11":30,"12":30,"13":30,"14":30,"15":35,"16":25,"17":25,"18":25,"19":25,"20":25,"21":5},"f":{"0":5},"b":{"0":[30,0],"1":[25,10]},"meta":{"lastBranch":2,"lastFunction":1,"lastStatement":22,"seen":{"f:7:22:7:Infinity":0,"s:12:28:12:Infinity":0,"s:13:53:13:Infinity":1,"s:14:47:14:Infinity":2,"s:16:21:16:Infinity":3,"s:17:26:17:Infinity":4,"s:18:2:18:Infinity":5,"s:20:2:20:Infinity":6,"s:21:2:21:Infinity":7,"s:23:2:41:Infinity":8,"s:24:20:24:Infinity":9,"s:25:4:25:Infinity":10,"s:27:4:27:Infinity":11,"s:28:4:28:Infinity":12,"s:30:22:30:Infinity":13,"b:30:22:30:52:30:52:30:Infinity":0,"s:31:4:40:Infinity":14,"b:32:6:39:Infinity:undefined:undefined:undefined:undefined":1,"s:32:6:39:Infinity":15,"s:33:8:33:Infinity":16,"s:34:8:34:Infinity":17,"s:35:8:35:Infinity":18,"s:37:8:37:Infinity":19,"s:38:8:38:Infinity":20,"s:43:2:43:Infinity":21}}}
,"D:\\VibeCoding\\数据结构学习助手3\\src\\algorithms\\graph\\dfs.ts": {"path":"D:\\VibeCoding\\数据结构学习助手3\\src\\algorithms\\graph\\dfs.ts","statementMap":{"0":{"start":{"line":8,"column":28},"end":{"line":8,"column":null}},"1":{"start":{"line":9,"column":53},"end":{"line":9,"column":null}},"2":{"start":{"line":10,"column":47},"end":{"line":10,"column":null}},"3":{"start":{"line":12,"column":21},"end":{"line":12,"column":null}},"4":{"start":{"line":15,"column":4},"end":{"line":15,"column":null}},"5":{"start":{"line":16,"column":4},"end":{"line":16,"column":null}},"6":{"start":{"line":18,"column":4},"end":{"line":18,"column":null}},"7":{"start":{"line":19,"column":4},"end":{"line":19,"column":null}},"8":{"start":{"line":21,"column":22},"end":{"line":21,"column":null}},"9":{"start":{"line":22,"column":4},"end":{"line":31,"column":null}},"10":{"start":{"line":23,"column":6},"end":{"line":30,"column":null}},"11":{"start":{"line":24,"column":8},"end":{"line":24,"column":null}},"12":{"start":{"line":26,"column":8},"end":{"line":26,"column":null}},"13":{"start":{"line":27,"column":8},"end":{"line":27,"column":null}},"14":{"start":{"line":29,"column":8},"end":{"line":29,"column":null}},"15":{"start":{"line":34,"column":2},"end":{"line":34,"column":null}},"16":{"start":{"line":35,"column":2},"end":{"line":35,"column":null}},"17":{"start":{"line":37,"column":2},"end":{"line":37,"column":null}},"18":{"start":{"line":39,"column":2},"end":{"line":39,"column":null}}},"fnMap":{"0":{"name":"dfs","decl":{"start":{"line":3,"column":22},"end":{"line":3,"column":null}},"loc":{"start":{"line":7,"column":33},"end":{"line":40,"column":null}},"line":7},"1":{"name":"dfsHelper","decl":{"start":{"line":14,"column":17},"end":{"line":14,"column":27}},"loc":{"start":{"line":14,"column":41},"end":{"line":32,"column":null}},"line":14}},"branchMap":{"0":{"loc":{"start":{"line":21,"column":22},"end":{"line":21,"column":null}},"type":"binary-expr","locations":[{"start":{"line":21,"column":22},"end":{"line":21,"column":49}},{"start":{"line":21,"column":49},"end":{"line":21,"column":null}}],"line":21},"1":{"loc":{"start":{"line":23,"column":6},"end":{"line":30,"column":null}},"type":"if","locations":[{"start":{"line":23,"column":6},"end":{"line":30,"column":null}},{"start":{},"end":{}}],"line":23}},"s":{"0":4,"1":4,"2":4,"3":4,"4":24,"5":24,"6":24,"7":24,"8":24,"9":24,"10":28,"11":20,"12":20,"13":20,"14":20,"15":4,"16":4,"17":4,"18":4},"f":{"0":4,"1":24},"b":{"0":[24,0],"1":[20,8]},"meta":{"lastBranch":2,"lastFunction":2,"lastStatement":19,"seen":{"f:3:22:3:Infinity":0,"s:8:28:8:Infinity":0,"s:9:53:9:Infinity":1,"s:10:47:10:Infinity":2,"s:12:21:12:Infinity":3,"f:14:17:14:27":1,"s:15:4:15:Infinity":4,"s:16:4:16:Infinity":5,"s:18:4:18:Infinity":6,"s:19:4:19:Infinity":7,"s:21:22:21:Infinity":8,"b:21:22:21:49:21:49:21:Infinity":0,"s:22:4:31:Infinity":9,"b:23:6:30:Infinity:undefined:undefined:undefined:undefined":1,"s:23:6:30:Infinity":10,"s:24:8:24:Infinity":11,"s:26:8:26:Infinity":12,"s:27:8:27:Infinity":13,"s:29:8:29:Infinity":14,"s:34:2:34:Infinity":15,"s:35:2:35:Infinity":16,"s:37:2:37:Infinity":17,"s:39:2:39:Infinity":18}}}
,"D:\\VibeCoding\\数据结构学习助手3\\src\\algorithms\\graph\\dijkstra.ts": {"path":"D:\\VibeCoding\\数据结构学习助手3\\src\\algorithms\\graph\\dijkstra.ts","statementMap":{"0":{"start":{"line":13,"column":28},"end":{"line":13,"column":null}},"1":{"start":{"line":14,"column":53},"end":{"line":14,"column":null}},"2":{"start":{"line":15,"column":47},"end":{"line":15,"column":null}},"3":{"start":{"line":16,"column":20},"end":{"line":16,"column":null}},"4":{"start":{"line":17,"column":24},"end":{"line":17,"column":null}},"5":{"start":{"line":19,"column":2},"end":{"line":22,"column":null}},"6":{"start":{"line":20,"column":4},"end":{"line":20,"column":null}},"7":{"start":{"line":21,"column":4},"end":{"line":21,"column":null}},"8":{"start":{"line":23,"column":2},"end":{"line":23,"column":null}},"9":{"start":{"line":25,"column":2},"end":{"line":25,"column":null}},"10":{"start":{"line":26,"column":2},"end":{"line":26,"column":null}},"11":{"start":{"line":28,"column":20},"end":{"line":28,"column":null}},"12":{"start":{"line":30,"column":2},"end":{"line":63,"column":null}},"13":{"start":{"line":31,"column":33},"end":{"line":31,"column":null}},"14":{"start":{"line":32,"column":18},"end":{"line":32,"column":null}},"15":{"start":{"line":33,"column":4},"end":{"line":39,"column":null}},"16":{"start":{"line":34,"column":19},"end":{"line":34,"column":null}},"17":{"start":{"line":35,"column":6},"end":{"line":38,"column":null}},"18":{"start":{"line":36,"column":8},"end":{"line":36,"column":null}},"19":{"start":{"line":37,"column":8},"end":{"line":37,"column":null}},"20":{"start":{"line":41,"column":4},"end":{"line":41,"column":null}},"21":{"start":{"line":41,"column":50},"end":{"line":41,"column":null}},"22":{"start":{"line":43,"column":4},"end":{"line":43,"column":null}},"23":{"start":{"line":44,"column":4},"end":{"line":44,"column":null}},"24":{"start":{"line":46,"column":4},"end":{"line":46,"column":null}},"25":{"start":{"line":47,"column":4},"end":{"line":47,"column":null}},"26":{"start":{"line":49,"column":22},"end":{"line":49,"column":null}},"27":{"start":{"line":50,"column":4},"end":{"line":62,"column":null}},"28":{"start":{"line":51,"column":6},"end":{"line":51,"column":null}},"29":{"start":{"line":51,"column":36},"end":{"line":51,"column":null}},"30":{"start":{"line":53,"column":22},"end":{"line":53,"column":null}},"31":{"start":{"line":54,"column":6},"end":{"line":61,"column":null}},"32":{"start":{"line":55,"column":8},"end":{"line":55,"column":null}},"33":{"start":{"line":56,"column":8},"end":{"line":56,"column":null}},"34":{"start":{"line":57,"column":8},"end":{"line":57,"column":null}},"35":{"start":{"line":59,"column":8},"end":{"line":59,"column":null}},"36":{"start":{"line":60,"column":8},"end":{"line":60,"column":null}},"37":{"start":{"line":65,"column":2},"end":{"line":65,"column":null}}},"fnMap":{"0":{"name":"dijkstra","decl":{"start":{"line":8,"column":22},"end":{"line":8,"column":null}},"loc":{"start":{"line":12,"column":27},"end":{"line":66,"column":null}},"line":12}},"branchMap":{"0":{"loc":{"start":{"line":35,"column":6},"end":{"line":38,"column":null}},"type":"if","locations":[{"start":{"line":35,"column":6},"end":{"line":38,"column":null}},{"start":{},"end":{}}],"line":35},"1":{"loc":{"start":{"line":41,"column":4},"end":{"line":41,"column":null}},"type":"if","locations":[{"start":{"line":41,"column":4},"end":{"line":41,"column":null}},{"start":{},"end":{}}],"line":41},"2":{"loc":{"start":{"line":41,"column":8},"end":{"line":41,"column":50}},"type":"binary-expr","locations":[{"start":{"line":41,"column":8},"end":{"line":41,"column":28}},{"start":{"line":41,"column":28},"end":{"line":41,"column":50}}],"line":41},"3":{"loc":{"start":{"line":49,"column":22},"end":{"line":49,"column":null}},"type":"binary-expr","locations":[{"start":{"line":49,"column":22},"end":{"line":49,"column":52}},{"start":{"line":49,"column":52},"end":{"line":49,"column":null}}],"line":49},"4":{"loc":{"start":{"line":50,"column":33},"end":{"line":50,"column":49}},"type":"default-arg","locations":[{"start":{"line":50,"column":42},"end":{"line":50,"column":49}}],"line":50},"5":{"loc":{"start":{"line":51,"column":6},"end":{"line":51,"column":null}},"type":"if","locations":[{"start":{"line":51,"column":6},"end":{"line":51,"column":null}},{"start":{},"end":{}}],"line":51},"6":{"loc":{"start":{"line":54,"column":6},"end":{"line":61,"column":null}},"type":"if","locations":[{"start":{"line":54,"column":6},"end":{"line":61,"column":null}},{"start":{},"end":{}}],"line":54}},"s":{"0":4,"1":4,"2":4,"3":4,"4":4,"5":4,"6":24,"7":24,"8":4,"9":4,"10":4,"11":4,"12":4,"13":24,"14":24,"15":24,"16":84,"17":84,"18":32,"19":32,"20":24,"21":0,"22":24,"23":24,"24":24,"25":24,"26":24,"27":24,"28":28,"29":0,"30":28,"31":28,"32":24,"33":24,"34":24,"35":24,"36":24,"37":4},"f":{"0":4},"b":{"0":[32,52],"1":[0,24],"2":[24,24],"3":[24,0],"4":[24],"5":[0,28],"6":[24,4]},"meta":{"lastBranch":7,"lastFunction":1,"lastStatement":38,"seen":{"f:8:22:8:Infinity":0,"s:13:28:13:Infinity":0,"s:14:53:14:Infinity":1,"s:15:47:15:Infinity":2,"s:16:20:16:Infinity":3,"s:17:24:17:Infinity":4,"s:19:2:22:Infinity":5,"s:20:4:20:Infinity":6,"s:21:4:21:Infinity":7,"s:23:2:23:Infinity":8,"s:25:2:25:Infinity":9,"s:26:2:26:Infinity":10,"s:28:20:28:Infinity":11,"s:30:2:63:Infinity":12,"s:31:33:31:Infinity":13,"s:32:18:32:Infinity":14,"s:33:4:39:Infinity":15,"s:34:19:34:Infinity":16,"b:35:6:38:Infinity:undefined:undefined:undefined:undefined":0,"s:35:6:38:Infinity":17,"s:36:8:36:Infinity":18,"s:37:8:37:Infinity":19,"b:41:4:41:Infinity:undefined:undefined:undefined:undefined":1,"s:41:4:41:Infinity":20,"b:41:8:41:28:41:28:41:50":2,"s:41:50:41:Infinity":21,"s:43:4:43:Infinity":22,"s:44:4:44:Infinity":23,"s:46:4:46:Infinity":24,"s:47:4:47:Infinity":25,"s:49:22:49:Infinity":26,"b:49:22:49:52:49:52:49:Infinity":3,"s:50:4:62:Infinity":27,"b:50:42:50:49":4,"b:51:6:51:Infinity:undefined:undefined:undefined:undefined":5,"s:51:6:51:Infinity":28,"s:51:36:51:Infinity":29,"s:53:22:53:Infinity":30,"b:54:6:61:Infinity:undefined:undefined:undefined:undefined":6,"s:54:6:61:Infinity":31,"s:55:8:55:Infinity":32,"s:56:8:56:Infinity":33,"s:57:8:57:Infinity":34,"s:59:8:59:Infinity":35,"s:60:8:60:Infinity":36,"s:65:2:65:Infinity":37}}}
,"D:\\VibeCoding\\数据结构学习助手3\\src\\algorithms\\graph\\index.ts": {"path":"D:\\VibeCoding\\数据结构学习助手3\\src\\algorithms\\graph\\index.ts","statementMap":{"0":{"start":{"line":16,"column":49},"end":{"line":21,"column":null}}},"fnMap":{},"branchMap":{},"s":{"0":1},"f":{},"b":{},"meta":{"lastBranch":0,"lastFunction":0,"lastStatement":1,"seen":{"s:16:49:21:Infinity":0}}}
,"D:\\VibeCoding\\数据结构学习助手3\\src\\algorithms\\graph\\topoSort.ts": {"path":"D:\\VibeCoding\\数据结构学习助手3\\src\\algorithms\\graph\\topoSort.ts","statementMap":{"0":{"start":{"line":11,"column":28},"end":{"line":11,"column":null}},"1":{"start":{"line":12,"column":53},"end":{"line":12,"column":null}},"2":{"start":{"line":13,"column":47},"end":{"line":13,"column":null}},"3":{"start":{"line":15,"column":19},"end":{"line":15,"column":null}},"4":{"start":{"line":16,"column":2},"end":{"line":18,"column":null}},"5":{"start":{"line":17,"column":4},"end":{"line":17,"column":null}},"6":{"start":{"line":19,"column":2},"end":{"line":23,"column":null}},"7":{"start":{"line":20,"column":4},"end":{"line":22,"column":null}},"8":{"start":{"line":21,"column":6},"end":{"line":21,"column":null}},"9":{"start":{"line":25,"column":26},"end":{"line":25,"column":null}},"10":{"start":{"line":26,"column":2},"end":{"line":28,"column":null}},"11":{"start":{"line":27,"column":4},"end":{"line":27,"column":null}},"12":{"start":{"line":27,"column":22},"end":{"line":27,"column":null}},"13":{"start":{"line":30,"column":2},"end":{"line":30,"column":null}},"14":{"start":{"line":31,"column":2},"end":{"line":31,"column":null}},"15":{"start":{"line":33,"column":2},"end":{"line":53,"column":null}},"16":{"start":{"line":34,"column":20},"end":{"line":34,"column":null}},"17":{"start":{"line":35,"column":4},"end":{"line":35,"column":null}},"18":{"start":{"line":37,"column":4},"end":{"line":37,"column":null}},"19":{"start":{"line":38,"column":4},"end":{"line":38,"column":null}},"20":{"start":{"line":40,"column":22},"end":{"line":40,"column":null}},"21":{"start":{"line":41,"column":4},"end":{"line":52,"column":null}},"22":{"start":{"line":42,"column":6},"end":{"line":42,"column":null}},"23":{"start":{"line":43,"column":24},"end":{"line":43,"column":null}},"24":{"start":{"line":44,"column":6},"end":{"line":44,"column":null}},"25":{"start":{"line":46,"column":6},"end":{"line":48,"column":null}},"26":{"start":{"line":47,"column":8},"end":{"line":47,"column":null}},"27":{"start":{"line":50,"column":6},"end":{"line":50,"column":null}},"28":{"start":{"line":51,"column":6},"end":{"line":51,"column":null}},"29":{"start":{"line":55,"column":16},"end":{"line":55,"column":null}},"30":{"start":{"line":57,"column":2},"end":{"line":57,"column":null}}},"fnMap":{"0":{"name":"topoSort","decl":{"start":{"line":7,"column":22},"end":{"line":7,"column":null}},"loc":{"start":{"line":10,"column":27},"end":{"line":58,"column":null}},"line":10}},"branchMap":{"0":{"loc":{"start":{"line":21,"column":30},"end":{"line":21,"column":61}},"type":"binary-expr","locations":[{"start":{"line":21,"column":30},"end":{"line":21,"column":56}},{"start":{"line":21,"column":56},"end":{"line":21,"column":61}}],"line":21},"1":{"loc":{"start":{"line":27,"column":4},"end":{"line":27,"column":null}},"type":"if","locations":[{"start":{"line":27,"column":4},"end":{"line":27,"column":null}},{"start":{},"end":{}}],"line":27},"2":{"loc":{"start":{"line":40,"column":22},"end":{"line":40,"column":null}},"type":"binary-expr","locations":[{"start":{"line":40,"column":22},"end":{"line":40,"column":52}},{"start":{"line":40,"column":52},"end":{"line":40,"column":null}}],"line":40},"3":{"loc":{"start":{"line":46,"column":6},"end":{"line":48,"column":null}},"type":"if","locations":[{"start":{"line":46,"column":6},"end":{"line":48,"column":null}},{"start":{},"end":{}}],"line":46}},"s":{"0":4,"1":4,"2":4,"3":4,"4":4,"5":21,"6":4,"7":21,"8":24,"9":4,"10":4,"11":21,"12":3,"13":4,"14":4,"15":4,"16":18,"17":18,"18":18,"19":18,"20":18,"21":18,"22":21,"23":21,"24":21,"25":21,"26":15,"27":21,"28":21,"29":4,"30":4},"f":{"0":4},"b":{"0":[24,18],"1":[3,18],"2":[18,0],"3":[15,6]},"meta":{"lastBranch":4,"lastFunction":1,"lastStatement":31,"seen":{"f:7:22:7:Infinity":0,"s:11:28:11:Infinity":0,"s:12:53:12:Infinity":1,"s:13:47:13:Infinity":2,"s:15:19:15:Infinity":3,"s:16:2:18:Infinity":4,"s:17:4:17:Infinity":5,"s:19:2:23:Infinity":6,"s:20:4:22:Infinity":7,"s:21:6:21:Infinity":8,"b:21:30:21:56:21:56:21:61":0,"s:25:26:25:Infinity":9,"s:26:2:28:Infinity":10,"b:27:4:27:Infinity:undefined:undefined:undefined:undefined":1,"s:27:4:27:Infinity":11,"s:27:22:27:Infinity":12,"s:30:2:30:Infinity":13,"s:31:2:31:Infinity":14,"s:33:2:53:Infinity":15,"s:34:20:34:Infinity":16,"s:35:4:35:Infinity":17,"s:37:4:37:Infinity":18,"s:38:4:38:Infinity":19,"s:40:22:40:Infinity":20,"b:40:22:40:52:40:52:40:Infinity":2,"s:41:4:52:Infinity":21,"s:42:6:42:Infinity":22,"s:43:24:43:Infinity":23,"s:44:6:44:Infinity":24,"b:46:6:48:Infinity:undefined:undefined:undefined:undefined":3,"s:46:6:48:Infinity":25,"s:47:8:47:Infinity":26,"s:50:6:50:Infinity":27,"s:51:6:51:Infinity":28,"s:55:16:55:Infinity":29,"s:57:2:57:Infinity":30}}}
,"D:\\VibeCoding\\数据结构学习助手3\\src\\components\\ComplexityChart.tsx": {"path":"D:\\VibeCoding\\数据结构学习助手3\\src\\components\\ComplexityChart.tsx","statementMap":{"0":{"start":{"line":12,"column":67},"end":{"line":20,"column":null}},"1":{"start":{"line":13,"column":16},"end":{"line":13,"column":null}},"2":{"start":{"line":14,"column":21},"end":{"line":14,"column":null}},"3":{"start":{"line":15,"column":17},"end":{"line":15,"column":null}},"4":{"start":{"line":16,"column":23},"end":{"line":16,"column":null}},"5":{"start":{"line":17,"column":18},"end":{"line":17,"column":null}},"6":{"start":{"line":18,"column":19},"end":{"line":18,"column":null}},"7":{"start":{"line":19,"column":19},"end":{"line":19,"column":null}},"8":{"start":{"line":22,"column":22},"end":{"line":28,"column":null}},"9":{"start":{"line":31,"column":8},"end":{"line":31,"column":null}},"10":{"start":{"line":32,"column":8},"end":{"line":32,"column":null}},"11":{"start":{"line":33,"column":21},"end":{"line":33,"column":null}},"12":{"start":{"line":35,"column":2},"end":{"line":47,"column":null}},"13":{"start":{"line":36,"column":4},"end":{"line":36,"column":null}},"14":{"start":{"line":36,"column":31},"end":{"line":36,"column":null}},"15":{"start":{"line":37,"column":21},"end":{"line":44,"column":null}},"16":{"start":{"line":38,"column":6},"end":{"line":43,"column":null}},"17":{"start":{"line":39,"column":8},"end":{"line":42,"column":null}},"18":{"start":{"line":45,"column":4},"end":{"line":45,"column":null}},"19":{"start":{"line":46,"column":4},"end":{"line":46,"column":null}},"20":{"start":{"line":46,"column":17},"end":{"line":46,"column":null}},"21":{"start":{"line":49,"column":31},"end":{"line":80,"column":null}},"22":{"start":{"line":50,"column":20},"end":{"line":50,"column":null}},"23":{"start":{"line":51,"column":23},"end":{"line":51,"column":null}},"24":{"start":{"line":52,"column":24},"end":{"line":52,"column":null}},"25":{"start":{"line":54,"column":15},"end":{"line":54,"column":null}},"26":{"start":{"line":55,"column":62},"end":{"line":55,"column":null}},"27":{"start":{"line":57,"column":4},"end":{"line":66,"column":null}},"28":{"start":{"line":58,"column":17},"end":{"line":58,"column":null}},"29":{"start":{"line":59,"column":54},"end":{"line":59,"column":null}},"30":{"start":{"line":60,"column":6},"end":{"line":64,"column":null}},"31":{"start":{"line":60,"column":19},"end":{"line":60,"column":22}},"32":{"start":{"line":61,"column":18},"end":{"line":61,"column":null}},"33":{"start":{"line":62,"column":8},"end":{"line":62,"column":null}},"34":{"start":{"line":63,"column":8},"end":{"line":63,"column":null}},"35":{"start":{"line":65,"column":6},"end":{"line":65,"column":null}},"36":{"start":{"line":68,"column":4},"end":{"line":68,"column":null}},"37":{"start":{"line":69,"column":10},"end":{"line":69,"column":null}},"38":{"start":{"line":69,"column":35},"end":{"line":69,"column":null}},"39":{"start":{"line":70,"column":10},"end":{"line":70,"column":null}},"40":{"start":{"line":70,"column":34},"end":{"line":70,"column":null}},"41":{"start":{"line":72,"column":18},"end":{"line":77,"column":null}},"42":{"start":{"line":73,"column":16},"end":{"line":75,"column":null}},"43":{"start":{"line":74,"column":23},"end":{"line":74,"column":77}},"44":{"start":{"line":76,"column":6},"end":{"line":76,"column":null}},"45":{"start":{"line":79,"column":4},"end":{"line":79,"column":null}},"46":{"start":{"line":82,"column":2},"end":{"line":140,"column":null}},"47":{"start":{"line":90,"column":18},"end":{"line":90,"column":null}},"48":{"start":{"line":91,"column":12},"end":{"line":101,"column":null}},"49":{"start":{"line":106,"column":18},"end":{"line":106,"column":null}},"50":{"start":{"line":107,"column":12},"end":{"line":116,"column":null}},"51":{"start":{"line":121,"column":12},"end":{"line":127,"column":null}},"52":{"start":{"line":131,"column":12},"end":{"line":136,"column":null}}},"fnMap":{"0":{"name":"(anonymous_0)","decl":{"start":{"line":13,"column":2},"end":{"line":13,"column":16}},"loc":{"start":{"line":13,"column":16},"end":{"line":13,"column":null}},"line":13},"1":{"name":"(anonymous_1)","decl":{"start":{"line":14,"column":2},"end":{"line":14,"column":15}},"loc":{"start":{"line":14,"column":21},"end":{"line":14,"column":null}},"line":14},"2":{"name":"(anonymous_2)","decl":{"start":{"line":15,"column":2},"end":{"line":15,"column":11}},"loc":{"start":{"line":15,"column":17},"end":{"line":15,"column":null}},"line":15},"3":{"name":"(anonymous_3)","decl":{"start":{"line":16,"column":2},"end":{"line":16,"column":17}},"loc":{"start":{"line":16,"column":23},"end":{"line":16,"column":null}},"line":16},"4":{"name":"(anonymous_4)","decl":{"start":{"line":17,"column":2},"end":{"line":17,"column":12}},"loc":{"start":{"line":17,"column":18},"end":{"line":17,"column":null}},"line":17},"5":{"name":"(anonymous_5)","decl":{"start":{"line":18,"column":2},"end":{"line":18,"column":13}},"loc":{"start":{"line":18,"column":19},"end":{"line":18,"column":null}},"line":18},"6":{"name":"(anonymous_6)","decl":{"start":{"line":19,"column":2},"end":{"line":19,"column":13}},"loc":{"start":{"line":19,"column":19},"end":{"line":19,"column":null}},"line":19},"7":{"name":"ComplexityChart","decl":{"start":{"line":30,"column":9},"end":{"line":30,"column":25}},"loc":{"start":{"line":30,"column":74},"end":{"line":142,"column":null}},"line":30},"8":{"name":"(anonymous_8)","decl":{"start":{"line":35,"column":2},"end":{"line":35,"column":18}},"loc":{"start":{"line":35,"column":18},"end":{"line":47,"column":5}},"line":35},"9":{"name":"(anonymous_9)","decl":{"start":{"line":37,"column":25},"end":{"line":37,"column":41}},"loc":{"start":{"line":37,"column":53},"end":{"line":44,"column":5}},"line":37},"10":{"name":"(anonymous_10)","decl":{"start":{"line":46,"column":4},"end":{"line":46,"column":17}},"loc":{"start":{"line":46,"column":17},"end":{"line":46,"column":null}},"line":46},"11":{"name":"(anonymous_11)","decl":{"start":{"line":49,"column":42},"end":{"line":49,"column":56}},"loc":{"start":{"line":49,"column":56},"end":{"line":80,"column":5}},"line":49},"12":{"name":"(anonymous_12)","decl":{"start":{"line":57,"column":15},"end":{"line":57,"column":24}},"loc":{"start":{"line":57,"column":33},"end":{"line":66,"column":5}},"line":57},"13":{"name":"(anonymous_13)","decl":{"start":{"line":69,"column":10},"end":{"line":69,"column":20}},"loc":{"start":{"line":69,"column":35},"end":{"line":69,"column":null}},"line":69},"14":{"name":"(anonymous_14)","decl":{"start":{"line":70,"column":10},"end":{"line":70,"column":20}},"loc":{"start":{"line":70,"column":34},"end":{"line":70,"column":null}},"line":70},"15":{"name":"(anonymous_15)","decl":{"start":{"line":72,"column":28},"end":{"line":72,"column":33}},"loc":{"start":{"line":72,"column":47},"end":{"line":77,"column":5}},"line":72},"16":{"name":"(anonymous_16)","decl":{"start":{"line":74,"column":9},"end":{"line":74,"column":14}},"loc":{"start":{"line":74,"column":23},"end":{"line":74,"column":77}},"line":74},"17":{"name":"(anonymous_17)","decl":{"start":{"line":89,"column":35},"end":{"line":89,"column":40}},"loc":{"start":{"line":89,"column":50},"end":{"line":103,"column":11}},"line":89},"18":{"name":"(anonymous_18)","decl":{"start":{"line":105,"column":35},"end":{"line":105,"column":40}},"loc":{"start":{"line":105,"column":50},"end":{"line":118,"column":11}},"line":105},"19":{"name":"(anonymous_19)","decl":{"start":{"line":120,"column":17},"end":{"line":120,"column":22}},"loc":{"start":{"line":121,"column":12},"end":{"line":127,"column":null}},"line":121},"20":{"name":"(anonymous_20)","decl":{"start":{"line":130,"column":22},"end":{"line":130,"column":27}},"loc":{"start":{"line":131,"column":12},"end":{"line":136,"column":null}},"line":131}},"branchMap":{"0":{"loc":{"start":{"line":30,"column":39},"end":{"line":30,"column":74}},"type":"default-arg","locations":[{"start":{"line":30,"column":46},"end":{"line":30,"column":74}}],"line":30},"1":{"loc":{"start":{"line":36,"column":4},"end":{"line":36,"column":null}},"type":"if","locations":[{"start":{"line":36,"column":4},"end":{"line":36,"column":null}},{"start":{},"end":{}}],"line":36},"2":{"loc":{"start":{"line":58,"column":17},"end":{"line":58,"column":null}},"type":"binary-expr","locations":[{"start":{"line":58,"column":17},"end":{"line":58,"column":57}},{"start":{"line":58,"column":57},"end":{"line":58,"column":null}}],"line":58},"3":{"loc":{"start":{"line":74,"column":26},"end":{"line":74,"column":46}},"type":"cond-expr","locations":[{"start":{"line":74,"column":36},"end":{"line":74,"column":42}},{"start":{"line":74,"column":42},"end":{"line":74,"column":46}}],"line":74},"4":{"loc":{"start":{"line":76,"column":25},"end":{"line":76,"column":88}},"type":"binary-expr","locations":[{"start":{"line":76,"column":25},"end":{"line":76,"column":48}},{"start":{"line":76,"column":48},"end":{"line":76,"column":88}}],"line":76},"5":{"loc":{"start":{"line":132,"column":57},"end":{"line":132,"column":112}},"type":"binary-expr","locations":[{"start":{"line":132,"column":57},"end":{"line":132,"column":71}},{"start":{"line":132,"column":71},"end":{"line":132,"column":112}}],"line":132}},"s":{"0":1,"1":0,"2":150,"3":50,"4":900,"5":150,"6":0,"7":0,"8":1,"9":40,"10":40,"11":40,"12":40,"13":20,"14":0,"15":20,"16":20,"17":20,"18":20,"19":20,"20":20,"21":40,"22":40,"23":40,"24":40,"25":40,"26":40,"27":40,"28":48,"29":48,"30":48,"31":48,"32":1250,"33":1250,"34":1250,"35":48,"36":40,"37":40,"38":1250,"39":40,"40":1250,"41":40,"42":48,"43":1250,"44":48,"45":40,"46":40,"47":200,"48":200,"49":200,"50":200,"51":48,"52":48},"f":{"0":0,"1":150,"2":50,"3":900,"4":150,"5":0,"6":0,"7":40,"8":20,"9":20,"10":20,"11":40,"12":48,"13":1250,"14":1250,"15":48,"16":1250,"17":200,"18":200,"19":48,"20":48},"b":{"0":[40],"1":[0,20],"2":[48,0],"3":[48,1202],"4":[48,46],"5":[48,46]},"meta":{"lastBranch":6,"lastFunction":21,"lastStatement":53,"seen":{"s:12:67:20:Infinity":0,"f:13:2:13:16":0,"s:13:16:13:Infinity":1,"f:14:2:14:15":1,"s:14:21:14:Infinity":2,"f:15:2:15:11":2,"s:15:17:15:Infinity":3,"f:16:2:16:17":3,"s:16:23:16:Infinity":4,"f:17:2:17:12":4,"s:17:18:17:Infinity":5,"f:18:2:18:13":5,"s:18:19:18:Infinity":6,"f:19:2:19:13":6,"s:19:19:19:Infinity":7,"s:22:22:28:Infinity":8,"f:30:9:30:25":7,"b:30:46:30:74":0,"s:31:8:31:Infinity":9,"s:32:8:32:Infinity":10,"s:33:21:33:Infinity":11,"s:35:2:47:Infinity":12,"f:35:2:35:18":8,"b:36:4:36:Infinity:undefined:undefined:undefined:undefined":1,"s:36:4:36:Infinity":13,"s:36:31:36:Infinity":14,"s:37:21:44:Infinity":15,"f:37:25:37:41":9,"s:38:6:43:Infinity":16,"s:39:8:42:Infinity":17,"s:45:4:45:Infinity":18,"s:46:4:46:Infinity":19,"f:46:4:46:17":10,"s:46:17:46:Infinity":20,"s:49:31:80:Infinity":21,"f:49:42:49:56":11,"s:50:20:50:Infinity":22,"s:51:23:51:Infinity":23,"s:52:24:52:Infinity":24,"s:54:15:54:Infinity":25,"s:55:62:55:Infinity":26,"s:57:4:66:Infinity":27,"f:57:15:57:24":12,"s:58:17:58:Infinity":28,"b:58:17:58:57:58:57:58:Infinity":2,"s:59:54:59:Infinity":29,"s:60:6:64:Infinity":30,"s:60:19:60:22":31,"s:61:18:61:Infinity":32,"s:62:8:62:Infinity":33,"s:63:8:63:Infinity":34,"s:65:6:65:Infinity":35,"s:68:4:68:Infinity":36,"s:69:10:69:Infinity":37,"f:69:10:69:20":13,"s:69:35:69:Infinity":38,"s:70:10:70:Infinity":39,"f:70:10:70:20":14,"s:70:34:70:Infinity":40,"s:72:18:77:Infinity":41,"f:72:28:72:33":15,"s:73:16:75:Infinity":42,"f:74:9:74:14":16,"s:74:23:74:77":43,"b:74:36:74:42:74:42:74:46":3,"s:76:6:76:Infinity":44,"b:76:25:76:48:76:48:76:88":4,"s:79:4:79:Infinity":45,"s:82:2:140:Infinity":46,"f:89:35:89:40":17,"s:90:18:90:Infinity":47,"s:91:12:101:Infinity":48,"f:105:35:105:40":18,"s:106:18:106:Infinity":49,"s:107:12:116:Infinity":50,"f:120:17:120:22":19,"s:121:12:127:Infinity":51,"f:130:22:130:27":20,"s:131:12:136:Infinity":52,"b:132:57:132:71:132:71:132:112":5}}}
,"D:\\VibeCoding\\数据结构学习助手3\\src\\components\\EmptyState.tsx": {"path":"D:\\VibeCoding\\数据结构学习助手3\\src\\components\\EmptyState.tsx","statementMap":{"0":{"start":{"line":15,"column":10},"end":{"line":15,"column":null}},"1":{"start":{"line":16,"column":23},"end":{"line":16,"column":null}},"2":{"start":{"line":17,"column":22},"end":{"line":17,"column":null}},"3":{"start":{"line":18,"column":16},"end":{"line":18,"column":null}},"4":{"start":{"line":20,"column":2},"end":{"line":32,"column":null}}},"fnMap":{"0":{"name":"EmptyState","decl":{"start":{"line":14,"column":24},"end":{"line":14,"column":35}},"loc":{"start":{"line":14,"column":207},"end":{"line":34,"column":null}},"line":14}},"branchMap":{"0":{"loc":{"start":{"line":14,"column":37},"end":{"line":14,"column":50}},"type":"default-arg","locations":[{"start":{"line":14,"column":44},"end":{"line":14,"column":50}}],"line":14},"1":{"loc":{"start":{"line":14,"column":50},"end":{"line":14,"column":88}},"type":"default-arg","locations":[{"start":{"line":14,"column":61},"end":{"line":14,"column":88}}],"line":14},"2":{"loc":{"start":{"line":14,"column":95},"end":{"line":14,"column":138}},"type":"default-arg","locations":[{"start":{"line":14,"column":112},"end":{"line":14,"column":138}}],"line":14},"3":{"loc":{"start":{"line":14,"column":159},"end":{"line":14,"column":207}},"type":"default-arg","locations":[{"start":{"line":14,"column":169},"end":{"line":14,"column":207}}],"line":14},"4":{"loc":{"start":{"line":16,"column":23},"end":{"line":16,"column":null}},"type":"binary-expr","locations":[{"start":{"line":16,"column":23},"end":{"line":16,"column":32}},{"start":{"line":16,"column":32},"end":{"line":16,"column":null}}],"line":16},"5":{"loc":{"start":{"line":17,"column":22},"end":{"line":17,"column":null}},"type":"binary-expr","locations":[{"start":{"line":17,"column":22},"end":{"line":17,"column":37}},{"start":{"line":17,"column":37},"end":{"line":17,"column":null}}],"line":17},"6":{"loc":{"start":{"line":26,"column":9},"end":{"line":29,"column":null}},"type":"binary-expr","locations":[{"start":{"line":26,"column":9},"end":{"line":26,"column":null}},{"start":{"line":27,"column":10},"end":{"line":29,"column":null}}],"line":26}},"s":{"0":0,"1":0,"2":0,"3":0,"4":0},"f":{"0":0},"b":{"0":[0],"1":[0],"2":[0],"3":[0],"4":[0,0],"5":[0,0],"6":[0,0]},"meta":{"lastBranch":7,"lastFunction":1,"lastStatement":5,"seen":{"f:14:24:14:35":0,"b:14:44:14:50":0,"b:14:61:14:88":1,"b:14:112:14:138":2,"b:14:169:14:207":3,"s:15:10:15:Infinity":0,"s:16:23:16:Infinity":1,"b:16:23:16:32:16:32:16:Infinity":4,"s:17:22:17:Infinity":2,"b:17:22:17:37:17:37:17:Infinity":5,"s:18:16:18:Infinity":3,"s:20:2:32:Infinity":4,"b:26:9:26:Infinity:27:10:29:Infinity":6}}}
,"D:\\VibeCoding\\数据结构学习助手3\\src\\components\\ErrorBoundary.tsx": {"path":"D:\\VibeCoding\\数据结构学习助手3\\src\\components\\ErrorBoundary.tsx","statementMap":{"0":{"start":{"line":33,"column":2},"end":{"line":36,"column":null}},"1":{"start":{"line":17,"column":4},"end":{"line":17,"column":null}},"2":{"start":{"line":18,"column":4},"end":{"line":18,"column":null}},"3":{"start":{"line":22,"column":4},"end":{"line":22,"column":null}},"4":{"start":{"line":26,"column":4},"end":{"line":28,"column":null}},"5":{"start":{"line":27,"column":6},"end":{"line":27,"column":null}},"6":{"start":{"line":29,"column":4},"end":{"line":29,"column":null}},"7":{"start":{"line":30,"column":4},"end":{"line":30,"column":null}},"8":{"start":{"line":34,"column":4},"end":{"line":34,"column":null}},"9":{"start":{"line":35,"column":4},"end":{"line":35,"column":null}},"10":{"start":{"line":35,"column":28},"end":{"line":35,"column":null}},"11":{"start":{"line":39,"column":4},"end":{"line":63,"column":null}},"12":{"start":{"line":40,"column":6},"end":{"line":61,"column":null}},"13":{"start":{"line":65,"column":4},"end":{"line":65,"column":null}}},"fnMap":{"0":{"name":"constructor","decl":{"start":{"line":16,"column":2},"end":{"line":16,"column":14}},"loc":{"start":{"line":16,"column":41},"end":{"line":19,"column":null}},"line":16},"1":{"name":"getDerivedStateFromError","decl":{"start":{"line":21,"column":9},"end":{"line":21,"column":34}},"loc":{"start":{"line":21,"column":48},"end":{"line":23,"column":null}},"line":21},"2":{"name":"componentDidCatch","decl":{"start":{"line":25,"column":2},"end":{"line":25,"column":20}},"loc":{"start":{"line":25,"column":56},"end":{"line":31,"column":null}},"line":25},"3":{"name":"(anonymous_3)","decl":{"start":{"line":33,"column":2},"end":{"line":33,"column":22}},"loc":{"start":{"line":33,"column":22},"end":{"line":36,"column":null}},"line":33},"4":{"name":"render","decl":{"start":{"line":38,"column":2},"end":{"line":38,"column":11}},"loc":{"start":{"line":38,"column":11},"end":{"line":66,"column":null}},"line":38}},"branchMap":{"0":{"loc":{"start":{"line":26,"column":4},"end":{"line":28,"column":null}},"type":"if","locations":[{"start":{"line":26,"column":4},"end":{"line":28,"column":null}},{"start":{},"end":{}}],"line":26},"1":{"loc":{"start":{"line":29,"column":49},"end":{"line":29,"column":75}},"type":"binary-expr","locations":[{"start":{"line":29,"column":49},"end":{"line":29,"column":66}},{"start":{"line":29,"column":66},"end":{"line":29,"column":75}}],"line":29},"2":{"loc":{"start":{"line":35,"column":4},"end":{"line":35,"column":null}},"type":"if","locations":[{"start":{"line":35,"column":4},"end":{"line":35,"column":null}},{"start":{},"end":{}}],"line":35},"3":{"loc":{"start":{"line":39,"column":4},"end":{"line":63,"column":null}},"type":"if","locations":[{"start":{"line":39,"column":4},"end":{"line":63,"column":null}},{"start":{},"end":{}}],"line":39},"4":{"loc":{"start":{"line":47,"column":13},"end":{"line":47,"column":null}},"type":"binary-expr","locations":[{"start":{"line":47,"column":13},"end":{"line":47,"column":42}},{"start":{"line":47,"column":42},"end":{"line":47,"column":null}}],"line":47},"5":{"loc":{"start":{"line":49,"column":11},"end":{"line":53,"column":null}},"type":"binary-expr","locations":[{"start":{"line":49,"column":11},"end":{"line":49,"column":34}},{"start":{"line":49,"column":34},"end":{"line":49,"column":null}},{"start":{"line":50,"column":12},"end":{"line":53,"column":null}}],"line":49}},"s":{"0":1,"1":12,"2":12,"3":12,"4":6,"5":6,"6":6,"7":6,"8":1,"9":1,"10":1,"11":31,"12":18,"13":13},"f":{"0":12,"1":1,"2":6,"3":1,"4":31},"b":{"0":[6,0],"1":[6,1],"2":[1,0],"3":[18,13],"4":[18,3],"5":[18,18,6]},"meta":{"lastBranch":6,"lastFunction":5,"lastStatement":14,"seen":{"s:33:2:36:Infinity":0,"f:16:2:16:14":0,"s:17:4:17:Infinity":1,"s:18:4:18:Infinity":2,"f:21:9:21:34":1,"s:22:4:22:Infinity":3,"f:25:2:25:20":2,"b:26:4:28:Infinity:undefined:undefined:undefined:undefined":0,"s:26:4:28:Infinity":4,"s:27:6:27:Infinity":5,"s:29:4:29:Infinity":6,"b:29:49:29:66:29:66:29:75":1,"s:30:4:30:Infinity":7,"f:33:2:33:22":3,"s:34:4:34:Infinity":8,"b:35:4:35:Infinity:undefined:undefined:undefined:undefined":2,"s:35:4:35:Infinity":9,"s:35:28:35:Infinity":10,"f:38:2:38:11":4,"b:39:4:63:Infinity:undefined:undefined:undefined:undefined":3,"s:39:4:63:Infinity":11,"s:40:6:61:Infinity":12,"b:47:13:47:42:47:42:47:Infinity":4,"b:49:11:49:34:49:34:49:Infinity:50:12:53:Infinity":5,"s:65:4:65:Infinity":13}}}
,"D:\\VibeCoding\\数据结构学习助手3\\src\\components\\ExportImport.tsx": {"path":"D:\\VibeCoding\\数据结构学习助手3\\src\\components\\ExportImport.tsx","statementMap":{"0":{"start":{"line":14,"column":8},"end":{"line":14,"column":null}},"1":{"start":{"line":15,"column":10},"end":{"line":15,"column":null}},"2":{"start":{"line":17,"column":8},"end":{"line":19,"column":null}},"3":{"start":{"line":18,"column":4},"end":{"line":18,"column":null}},"4":{"start":{"line":21,"column":8},"end":{"line":23,"column":null}},"5":{"start":{"line":22,"column":4},"end":{"line":22,"column":null}},"6":{"start":{"line":25,"column":27},"end":{"line":39,"column":null}},"7":{"start":{"line":26,"column":17},"end":{"line":26,"column":null}},"8":{"start":{"line":27,"column":4},"end":{"line":27,"column":null}},"9":{"start":{"line":27,"column":15},"end":{"line":27,"column":null}},"10":{"start":{"line":29,"column":4},"end":{"line":34,"column":null}},"11":{"start":{"line":30,"column":21},"end":{"line":30,"column":null}},"12":{"start":{"line":31,"column":6},"end":{"line":31,"column":null}},"13":{"start":{"line":33,"column":6},"end":{"line":33,"column":null}},"14":{"start":{"line":36,"column":4},"end":{"line":38,"column":null}},"15":{"start":{"line":37,"column":6},"end":{"line":37,"column":null}},"16":{"start":{"line":41,"column":2},"end":{"line":70,"column":null}}},"fnMap":{"0":{"name":"ExportImport","decl":{"start":{"line":13,"column":24},"end":{"line":13,"column":37}},"loc":{"start":{"line":13,"column":96},"end":{"line":72,"column":null}},"line":13},"1":{"name":"(anonymous_1)","decl":{"start":{"line":17,"column":8},"end":{"line":17,"column":29}},"loc":{"start":{"line":17,"column":29},"end":{"line":19,"column":null}},"line":17},"2":{"name":"(anonymous_2)","decl":{"start":{"line":21,"column":8},"end":{"line":21,"column":34}},"loc":{"start":{"line":21,"column":34},"end":{"line":23,"column":null}},"line":21},"3":{"name":"(anonymous_3)","decl":{"start":{"line":25,"column":27},"end":{"line":25,"column":34}},"loc":{"start":{"line":25,"column":77},"end":{"line":39,"column":null}},"line":25}},"branchMap":{"0":{"loc":{"start":{"line":27,"column":4},"end":{"line":27,"column":null}},"type":"if","locations":[{"start":{"line":27,"column":4},"end":{"line":27,"column":null}},{"start":{},"end":{}}],"line":27},"1":{"loc":{"start":{"line":36,"column":4},"end":{"line":38,"column":null}},"type":"if","locations":[{"start":{"line":36,"column":4},"end":{"line":38,"column":null}},{"start":{},"end":{}}],"line":36}},"s":{"0":136,"1":136,"2":136,"3":1,"4":136,"5":1,"6":136,"7":2,"8":2,"9":0,"10":2,"11":2,"12":1,"13":1,"14":2,"15":2,"16":136},"f":{"0":136,"1":1,"2":1,"3":2},"b":{"0":[0,2],"1":[2,0]},"meta":{"lastBranch":2,"lastFunction":4,"lastStatement":17,"seen":{"f:13:24:13:37":0,"s:14:8:14:Infinity":0,"s:15:10:15:Infinity":1,"s:17:8:19:Infinity":2,"f:17:8:17:29":1,"s:18:4:18:Infinity":3,"s:21:8:23:Infinity":4,"f:21:8:21:34":2,"s:22:4:22:Infinity":5,"s:25:27:39:Infinity":6,"f:25:27:25:34":3,"s:26:17:26:Infinity":7,"b:27:4:27:Infinity:undefined:undefined:undefined:undefined":0,"s:27:4:27:Infinity":8,"s:27:15:27:Infinity":9,"s:29:4:34:Infinity":10,"s:30:21:30:Infinity":11,"s:31:6:31:Infinity":12,"s:33:6:33:Infinity":13,"b:36:4:38:Infinity:undefined:undefined:undefined:undefined":1,"s:36:4:38:Infinity":14,"s:37:6:37:Infinity":15,"s:41:2:70:Infinity":16}}}
,"D:\\VibeCoding\\数据结构学习助手3\\src\\components\\KeyboardHelp.tsx": {"path":"D:\\VibeCoding\\数据结构学习助手3\\src\\components\\KeyboardHelp.tsx","statementMap":{"0":{"start":{"line":5,"column":49},"end":{"line":17,"column":null}},"1":{"start":{"line":24,"column":47},"end":{"line":30,"column":null}},"2":{"start":{"line":33,"column":18},"end":{"line":33,"column":null}},"3":{"start":{"line":34,"column":10},"end":{"line":34,"column":null}},"4":{"start":{"line":35,"column":8},"end":{"line":35,"column":null}},"5":{"start":{"line":37,"column":8},"end":{"line":40,"column":null}},"6":{"start":{"line":38,"column":21},"end":{"line":38,"column":null}},"7":{"start":{"line":39,"column":4},"end":{"line":39,"column":null}},"8":{"start":{"line":39,"column":29},"end":{"line":39,"column":44}},"9":{"start":{"line":42,"column":2},"end":{"line":58,"column":null}},"10":{"start":{"line":43,"column":10},"end":{"line":55,"column":null}},"11":{"start":{"line":44,"column":19},"end":{"line":44,"column":null}},"12":{"start":{"line":45,"column":22},"end":{"line":45,"column":null}},"13":{"start":{"line":46,"column":6},"end":{"line":46,"column":null}},"14":{"start":{"line":46,"column":19},"end":{"line":46,"column":null}},"15":{"start":{"line":48,"column":6},"end":{"line":51,"column":null}},"16":{"start":{"line":49,"column":8},"end":{"line":49,"column":null}},"17":{"start":{"line":50,"column":8},"end":{"line":50,"column":null}},"18":{"start":{"line":50,"column":26},"end":{"line":50,"column":28}},"19":{"start":{"line":52,"column":6},"end":{"line":54,"column":null}},"20":{"start":{"line":53,"column":8},"end":{"line":53,"column":null}},"21":{"start":{"line":56,"column":4},"end":{"line":56,"column":null}},"22":{"start":{"line":57,"column":4},"end":{"line":57,"column":null}},"23":{"start":{"line":57,"column":17},"end":{"line":57,"column":null}},"24":{"start":{"line":60,"column":2},"end":{"line":60,"column":null}},"25":{"start":{"line":60,"column":16},"end":{"line":60,"column":null}},"26":{"start":{"line":62,"column":2},"end":{"line":79,"column":null}},"27":{"start":{"line":63,"column":118},"end":{"line":63,"column":null}},"28":{"start":{"line":64,"column":177},"end":{"line":64,"column":null}},"29":{"start":{"line":67,"column":33},"end":{"line":67,"column":52}},"30":{"start":{"line":71,"column":12},"end":{"line":74,"column":null}}},"fnMap":{"0":{"name":"KeyboardHelp","decl":{"start":{"line":32,"column":24},"end":{"line":32,"column":39}},"loc":{"start":{"line":32,"column":39},"end":{"line":81,"column":null}},"line":32},"1":{"name":"(anonymous_1)","decl":{"start":{"line":37,"column":20},"end":{"line":37,"column":34}},"loc":{"start":{"line":37,"column":34},"end":{"line":40,"column":5}},"line":37},"2":{"name":"(anonymous_2)","decl":{"start":{"line":39,"column":20},"end":{"line":39,"column":24}},"loc":{"start":{"line":39,"column":29},"end":{"line":39,"column":44}},"line":39},"3":{"name":"(anonymous_3)","decl":{"start":{"line":42,"column":2},"end":{"line":42,"column":18}},"loc":{"start":{"line":42,"column":18},"end":{"line":58,"column":5}},"line":42},"4":{"name":"(anonymous_4)","decl":{"start":{"line":43,"column":10},"end":{"line":43,"column":23}},"loc":{"start":{"line":43,"column":44},"end":{"line":55,"column":null}},"line":43},"5":{"name":"(anonymous_5)","decl":{"start":{"line":50,"column":8},"end":{"line":50,"column":20}},"loc":{"start":{"line":50,"column":26},"end":{"line":50,"column":28}},"line":50},"6":{"name":"(anonymous_6)","decl":{"start":{"line":57,"column":4},"end":{"line":57,"column":17}},"loc":{"start":{"line":57,"column":17},"end":{"line":57,"column":null}},"line":57},"7":{"name":"(anonymous_7)","decl":{"start":{"line":63,"column":103},"end":{"line":63,"column":118}},"loc":{"start":{"line":63,"column":118},"end":{"line":63,"column":null}},"line":63},"8":{"name":"(anonymous_8)","decl":{"start":{"line":64,"column":161},"end":{"line":64,"column":171}},"loc":{"start":{"line":64,"column":177},"end":{"line":64,"column":null}},"line":64},"9":{"name":"(anonymous_9)","decl":{"start":{"line":67,"column":18},"end":{"line":67,"column":33}},"loc":{"start":{"line":67,"column":33},"end":{"line":67,"column":52}},"line":67},"10":{"name":"(anonymous_10)","decl":{"start":{"line":70,"column":21},"end":{"line":70,"column":26}},"loc":{"start":{"line":71,"column":12},"end":{"line":74,"column":null}},"line":71}},"branchMap":{"0":{"loc":{"start":{"line":38,"column":21},"end":{"line":38,"column":null}},"type":"binary-expr","locations":[{"start":{"line":38,"column":21},"end":{"line":38,"column":58}},{"start":{"line":38,"column":58},"end":{"line":38,"column":null}}],"line":38},"1":{"loc":{"start":{"line":45,"column":22},"end":{"line":45,"column":null}},"type":"binary-expr","locations":[{"start":{"line":45,"column":22},"end":{"line":45,"column":41}},{"start":{"line":45,"column":41},"end":{"line":45,"column":64}},{"start":{"line":45,"column":64},"end":{"line":45,"column":null}}],"line":45},"2":{"loc":{"start":{"line":46,"column":6},"end":{"line":46,"column":null}},"type":"if","locations":[{"start":{"line":46,"column":6},"end":{"line":46,"column":null}},{"start":{},"end":{}}],"line":46},"3":{"loc":{"start":{"line":48,"column":6},"end":{"line":51,"column":null}},"type":"if","locations":[{"start":{"line":48,"column":6},"end":{"line":51,"column":null}},{"start":{},"end":{}}],"line":48},"4":{"loc":{"start":{"line":48,"column":10},"end":{"line":48,"column":68}},"type":"binary-expr","locations":[{"start":{"line":48,"column":10},"end":{"line":48,"column":27}},{"start":{"line":48,"column":27},"end":{"line":48,"column":41}},{"start":{"line":48,"column":41},"end":{"line":48,"column":55}},{"start":{"line":48,"column":55},"end":{"line":48,"column":68}}],"line":48},"5":{"loc":{"start":{"line":52,"column":6},"end":{"line":54,"column":null}},"type":"if","locations":[{"start":{"line":52,"column":6},"end":{"line":54,"column":null}},{"start":{},"end":{}}],"line":52},"6":{"loc":{"start":{"line":60,"column":2},"end":{"line":60,"column":null}},"type":"if","locations":[{"start":{"line":60,"column":2},"end":{"line":60,"column":null}},{"start":{},"end":{}}],"line":60}},"s":{"0":1,"1":1,"2":23,"3":23,"4":23,"5":23,"6":11,"7":11,"8":41,"9":23,"10":11,"11":12,"12":12,"13":12,"14":2,"15":10,"16":9,"17":9,"18":9,"19":10,"20":1,"21":11,"22":11,"23":11,"24":23,"25":15,"26":8,"27":1,"28":1,"29":1,"30":29},"f":{"0":23,"1":11,"2":41,"3":11,"4":12,"5":9,"6":11,"7":1,"8":1,"9":1,"10":29},"b":{"0":[11,1],"1":[12,11,10],"2":[2,10],"3":[9,1],"4":[10,9,9,9],"5":[1,9],"6":[15,8]},"meta":{"lastBranch":7,"lastFunction":11,"lastStatement":31,"seen":{"s:5:49:17:Infinity":0,"s:24:47:30:Infinity":1,"f:32:24:32:39":0,"s:33:18:33:Infinity":2,"s:34:10:34:Infinity":3,"s:35:8:35:Infinity":4,"s:37:8:40:Infinity":5,"f:37:20:37:34":1,"s:38:21:38:Infinity":6,"b:38:21:38:58:38:58:38:Infinity":0,"s:39:4:39:Infinity":7,"f:39:20:39:24":2,"s:39:29:39:44":8,"s:42:2:58:Infinity":9,"f:42:2:42:18":3,"s:43:10:55:Infinity":10,"f:43:10:43:23":4,"s:44:19:44:Infinity":11,"s:45:22:45:Infinity":12,"b:45:22:45:41:45:41:45:64:45:64:45:Infinity":1,"b:46:6:46:Infinity:undefined:undefined:undefined:undefined":2,"s:46:6:46:Infinity":13,"s:46:19:46:Infinity":14,"b:48:6:51:Infinity:undefined:undefined:undefined:undefined":3,"s:48:6:51:Infinity":15,"b:48:10:48:27:48:27:48:41:48:41:48:55:48:55:48:68":4,"s:49:8:49:Infinity":16,"s:50:8:50:Infinity":17,"f:50:8:50:20":5,"s:50:26:50:28":18,"b:52:6:54:Infinity:undefined:undefined:undefined:undefined":5,"s:52:6:54:Infinity":19,"s:53:8:53:Infinity":20,"s:56:4:56:Infinity":21,"s:57:4:57:Infinity":22,"f:57:4:57:17":6,"s:57:17:57:Infinity":23,"b:60:2:60:Infinity:undefined:undefined:undefined:undefined":6,"s:60:2:60:Infinity":24,"s:60:16:60:Infinity":25,"s:62:2:79:Infinity":26,"f:63:103:63:118":7,"s:63:118:63:Infinity":27,"f:64:161:64:171":8,"s:64:177:64:Infinity":28,"f:67:18:67:33":9,"s:67:33:67:52":29,"f:70:21:70:26":10,"s:71:12:74:Infinity":30}}}
,"D:\\VibeCoding\\数据结构学习助手3\\src\\components\\Layout.tsx": {"path":"D:\\VibeCoding\\数据结构学习助手3\\src\\components\\Layout.tsx","statementMap":{"0":{"start":{"line":12,"column":2},"end":{"line":21,"column":null}}},"fnMap":{"0":{"name":"Layout","decl":{"start":{"line":11,"column":24},"end":{"line":11,"column":31}},"loc":{"start":{"line":11,"column":58},"end":{"line":23,"column":null}},"line":11}},"branchMap":{},"s":{"0":0},"f":{"0":0},"b":{},"meta":{"lastBranch":0,"lastFunction":1,"lastStatement":1,"seen":{"f:11:24:11:31":0,"s:12:2:21:Infinity":0}}}
,"D:\\VibeCoding\\数据结构学习助手3\\src\\components\\LogPanel.tsx": {"path":"D:\\VibeCoding\\数据结构学习助手3\\src\\components\\LogPanel.tsx","statementMap":{"0":{"start":{"line":10,"column":17},"end":{"line":10,"column":null}},"1":{"start":{"line":11,"column":21},"end":{"line":11,"column":null}},"2":{"start":{"line":12,"column":8},"end":{"line":12,"column":null}},"3":{"start":{"line":13,"column":10},"end":{"line":13,"column":null}},"4":{"start":{"line":15,"column":8},"end":{"line":20,"column":null}},"5":{"start":{"line":15,"column":36},"end":{"line":20,"column":6}},"6":{"start":{"line":22,"column":23},"end":{"line":24,"column":null}},"7":{"start":{"line":24,"column":25},"end":{"line":24,"column":44}},"8":{"start":{"line":26,"column":2},"end":{"line":30,"column":null}},"9":{"start":{"line":27,"column":4},"end":{"line":29,"column":null}},"10":{"start":{"line":28,"column":6},"end":{"line":28,"column":null}},"11":{"start":{"line":32,"column":8},"end":{"line":37,"column":null}},"12":{"start":{"line":33,"column":4},"end":{"line":36,"column":null}},"13":{"start":{"line":34,"column":56},"end":{"line":34,"column":null}},"14":{"start":{"line":35,"column":6},"end":{"line":35,"column":null}},"15":{"start":{"line":39,"column":2},"end":{"line":117,"column":null}},"16":{"start":{"line":48,"column":14},"end":{"line":60,"column":null}},"17":{"start":{"line":50,"column":31},"end":{"line":50,"column":null}},"18":{"start":{"line":69,"column":27},"end":{"line":69,"column":null}},"19":{"start":{"line":94,"column":27},"end":{"line":94,"column":null}},"20":{"start":{"line":95,"column":12},"end":{"line":112,"column":null}}},"fnMap":{"0":{"name":"LogPanel","decl":{"start":{"line":9,"column":24},"end":{"line":9,"column":33}},"loc":{"start":{"line":9,"column":80},"end":{"line":119,"column":null}},"line":9},"1":{"name":"(anonymous_1)","decl":{"start":{"line":15,"column":21},"end":{"line":15,"column":36}},"loc":{"start":{"line":15,"column":36},"end":{"line":20,"column":6}},"line":15},"2":{"name":"(anonymous_2)","decl":{"start":{"line":24,"column":11},"end":{"line":24,"column":18}},"loc":{"start":{"line":24,"column":25},"end":{"line":24,"column":44}},"line":24},"3":{"name":"(anonymous_3)","decl":{"start":{"line":26,"column":2},"end":{"line":26,"column":18}},"loc":{"start":{"line":26,"column":18},"end":{"line":30,"column":5}},"line":26},"4":{"name":"(anonymous_4)","decl":{"start":{"line":32,"column":8},"end":{"line":32,"column":35}},"loc":{"start":{"line":32,"column":35},"end":{"line":37,"column":null}},"line":32},"5":{"name":"(anonymous_5)","decl":{"start":{"line":47,"column":54},"end":{"line":47,"column":59}},"loc":{"start":{"line":48,"column":14},"end":{"line":60,"column":null}},"line":48},"6":{"name":"(anonymous_6)","decl":{"start":{"line":50,"column":16},"end":{"line":50,"column":31}},"loc":{"start":{"line":50,"column":31},"end":{"line":50,"column":null}},"line":50},"7":{"name":"(anonymous_7)","decl":{"start":{"line":69,"column":12},"end":{"line":69,"column":27}},"loc":{"start":{"line":69,"column":27},"end":{"line":69,"column":null}},"line":69},"8":{"name":"(anonymous_8)","decl":{"start":{"line":93,"column":23},"end":{"line":93,"column":28}},"loc":{"start":{"line":93,"column":39},"end":{"line":114,"column":11}},"line":93}},"branchMap":{"0":{"loc":{"start":{"line":9,"column":35},"end":{"line":9,"column":46}},"type":"default-arg","locations":[{"start":{"line":9,"column":42},"end":{"line":9,"column":46}}],"line":9},"1":{"loc":{"start":{"line":9,"column":46},"end":{"line":9,"column":80}},"type":"default-arg","locations":[{"start":{"line":9,"column":58},"end":{"line":9,"column":80}}],"line":9},"2":{"loc":{"start":{"line":22,"column":23},"end":{"line":24,"column":null}},"type":"cond-expr","locations":[{"start":{"line":23,"column":6},"end":{"line":23,"column":null}},{"start":{"line":24,"column":6},"end":{"line":24,"column":null}}],"line":22},"3":{"loc":{"start":{"line":27,"column":4},"end":{"line":29,"column":null}},"type":"if","locations":[{"start":{"line":27,"column":4},"end":{"line":29,"column":null}},{"start":{},"end":{}}],"line":27},"4":{"loc":{"start":{"line":27,"column":8},"end":{"line":27,"column":41}},"type":"binary-expr","locations":[{"start":{"line":27,"column":8},"end":{"line":27,"column":22}},{"start":{"line":27,"column":22},"end":{"line":27,"column":41}}],"line":27},"5":{"loc":{"start":{"line":33,"column":4},"end":{"line":36,"column":null}},"type":"if","locations":[{"start":{"line":33,"column":4},"end":{"line":36,"column":null}},{"start":{},"end":{}}],"line":33},"6":{"loc":{"start":{"line":53,"column":20},"end":{"line":55,"column":null}},"type":"cond-expr","locations":[{"start":{"line":54,"column":22},"end":{"line":54,"column":null}},{"start":{"line":55,"column":22},"end":{"line":55,"column":null}}],"line":53},"7":{"loc":{"start":{"line":59,"column":17},"end":{"line":59,"column":null}},"type":"cond-expr","locations":[{"start":{"line":59,"column":31},"end":{"line":59,"column":39}},{"start":{"line":59,"column":39},"end":{"line":59,"column":null}}],"line":59},"8":{"loc":{"start":{"line":59,"column":39},"end":{"line":59,"column":null}},"type":"binary-expr","locations":[{"start":{"line":59,"column":39},"end":{"line":59,"column":66}},{"start":{"line":59,"column":66},"end":{"line":59,"column":null}}],"line":59},"9":{"loc":{"start":{"line":72,"column":16},"end":{"line":74,"column":null}},"type":"cond-expr","locations":[{"start":{"line":73,"column":18},"end":{"line":73,"column":null}},{"start":{"line":74,"column":18},"end":{"line":74,"column":null}}],"line":72},"10":{"loc":{"start":{"line":78,"column":13},"end":{"line":78,"column":null}},"type":"cond-expr","locations":[{"start":{"line":78,"column":26},"end":{"line":78,"column":53}},{"start":{"line":78,"column":53},"end":{"line":78,"column":null}}],"line":78},"11":{"loc":{"start":{"line":88,"column":9},"end":{"line":114,"column":null}},"type":"cond-expr","locations":[{"start":{"line":89,"column":10},"end":{"line":93,"column":23}},{"start":{"line":93,"column":10},"end":{"line":114,"column":null}}],"line":88},"12":{"loc":{"start":{"line":94,"column":27},"end":{"line":94,"column":null}},"type":"binary-expr","locations":[{"start":{"line":94,"column":27},"end":{"line":94,"column":51}},{"start":{"line":94,"column":51},"end":{"line":94,"column":null}}],"line":94}},"s":{"0":182,"1":182,"2":182,"3":182,"4":182,"5":121,"6":182,"7":12,"8":182,"9":134,"10":134,"11":182,"12":0,"13":0,"14":0,"15":182,"16":910,"17":4,"18":0,"19":61,"20":61},"f":{"0":182,"1":121,"2":12,"3":134,"4":0,"5":910,"6":4,"7":0,"8":61},"b":{"0":[182],"1":[182],"2":[179,3],"3":[134,0],"4":[134,134],"5":[0,0],"6":[182,728],"7":[182,728],"8":[728,0],"9":[182,0],"10":[182,0],"11":[161,21],"12":[61,1]},"meta":{"lastBranch":13,"lastFunction":9,"lastStatement":21,"seen":{"f:9:24:9:33":0,"b:9:42:9:46":0,"b:9:58:9:80":1,"s:10:17:10:Infinity":0,"s:11:21:11:Infinity":1,"s:12:8:12:Infinity":2,"s:13:10:13:Infinity":3,"s:15:8:20:Infinity":4,"f:15:21:15:36":1,"s:15:36:20:6":5,"s:22:23:24:Infinity":6,"b:23:6:23:Infinity:24:6:24:Infinity":2,"f:24:11:24:18":2,"s:24:25:24:44":7,"s:26:2:30:Infinity":8,"f:26:2:26:18":3,"b:27:4:29:Infinity:undefined:undefined:undefined:undefined":3,"s:27:4:29:Infinity":9,"b:27:8:27:22:27:22:27:41":4,"s:28:6:28:Infinity":10,"s:32:8:37:Infinity":11,"f:32:8:32:35":4,"b:33:4:36:Infinity:undefined:undefined:undefined:undefined":5,"s:33:4:36:Infinity":12,"s:34:56:34:Infinity":13,"s:35:6:35:Infinity":14,"s:39:2:117:Infinity":15,"f:47:54:47:59":5,"s:48:14:60:Infinity":16,"f:50:16:50:31":6,"s:50:31:50:Infinity":17,"b:54:22:54:Infinity:55:22:55:Infinity":6,"b:59:31:59:39:59:39:59:Infinity":7,"b:59:39:59:66:59:66:59:Infinity":8,"f:69:12:69:27":7,"s:69:27:69:Infinity":18,"b:73:18:73:Infinity:74:18:74:Infinity":9,"b:78:26:78:53:78:53:78:Infinity":10,"b:89:10:93:23:93:10:114:Infinity":11,"f:93:23:93:28":8,"s:94:27:94:Infinity":19,"b:94:27:94:51:94:51:94:Infinity":12,"s:95:12:112:Infinity":20}}}
,"D:\\VibeCoding\\数据结构学习助手3\\src\\components\\NetworkStatus.tsx": {"path":"D:\\VibeCoding\\数据结构学习助手3\\src\\components\\NetworkStatus.tsx","statementMap":{"0":{"start":{"line":4,"column":22},"end":{"line":4,"column":null}},"1":{"start":{"line":5,"column":26},"end":{"line":5,"column":null}},"2":{"start":{"line":7,"column":2},"end":{"line":30,"column":null}},"3":{"start":{"line":8,"column":10},"end":{"line":12,"column":null}},"4":{"start":{"line":9,"column":6},"end":{"line":9,"column":null}},"5":{"start":{"line":10,"column":6},"end":{"line":10,"column":null}},"6":{"start":{"line":11,"column":6},"end":{"line":11,"column":null}},"7":{"start":{"line":11,"column":23},"end":{"line":11,"column":50}},"8":{"start":{"line":14,"column":10},"end":{"line":17,"column":null}},"9":{"start":{"line":15,"column":6},"end":{"line":15,"column":null}},"10":{"start":{"line":16,"column":6},"end":{"line":16,"column":null}},"11":{"start":{"line":19,"column":4},"end":{"line":19,"column":null}},"12":{"start":{"line":20,"column":4},"end":{"line":20,"column":null}},"13":{"start":{"line":22,"column":4},"end":{"line":24,"column":null}},"14":{"start":{"line":23,"column":6},"end":{"line":23,"column":null}},"15":{"start":{"line":26,"column":4},"end":{"line":29,"column":null}},"16":{"start":{"line":27,"column":6},"end":{"line":27,"column":null}},"17":{"start":{"line":28,"column":6},"end":{"line":28,"column":null}},"18":{"start":{"line":32,"column":2},"end":{"line":32,"column":null}},"19":{"start":{"line":32,"column":40},"end":{"line":32,"column":null}},"20":{"start":{"line":34,"column":2},"end":{"line":48,"column":null}}},"fnMap":{"0":{"name":"NetworkStatus","decl":{"start":{"line":3,"column":29},"end":{"line":3,"column":45}},"loc":{"start":{"line":3,"column":45},"end":{"line":50,"column":1}},"line":3},"1":{"name":"(anonymous_1)","decl":{"start":{"line":7,"column":2},"end":{"line":7,"column":18}},"loc":{"start":{"line":7,"column":18},"end":{"line":30,"column":5}},"line":7},"2":{"name":"(anonymous_2)","decl":{"start":{"line":8,"column":10},"end":{"line":8,"column":31}},"loc":{"start":{"line":8,"column":31},"end":{"line":12,"column":null}},"line":8},"3":{"name":"(anonymous_3)","decl":{"start":{"line":11,"column":6},"end":{"line":11,"column":23}},"loc":{"start":{"line":11,"column":23},"end":{"line":11,"column":50}},"line":11},"4":{"name":"(anonymous_4)","decl":{"start":{"line":14,"column":10},"end":{"line":14,"column":32}},"loc":{"start":{"line":14,"column":32},"end":{"line":17,"column":null}},"line":14},"5":{"name":"(anonymous_5)","decl":{"start":{"line":26,"column":4},"end":{"line":26,"column":17}},"loc":{"start":{"line":26,"column":17},"end":{"line":29,"column":null}},"line":26}},"branchMap":{"0":{"loc":{"start":{"line":22,"column":4},"end":{"line":24,"column":null}},"type":"if","locations":[{"start":{"line":22,"column":4},"end":{"line":24,"column":null}},{"start":{},"end":{}}],"line":22},"1":{"loc":{"start":{"line":32,"column":2},"end":{"line":32,"column":null}},"type":"if","locations":[{"start":{"line":32,"column":2},"end":{"line":32,"column":null}},{"start":{},"end":{}}],"line":32},"2":{"loc":{"start":{"line":32,"column":6},"end":{"line":32,"column":40}},"type":"binary-expr","locations":[{"start":{"line":32,"column":6},"end":{"line":32,"column":22}},{"start":{"line":32,"column":22},"end":{"line":32,"column":40}}],"line":32},"3":{"loc":{"start":{"line":36,"column":7},"end":{"line":42,"column":null}},"type":"binary-expr","locations":[{"start":{"line":36,"column":7},"end":{"line":36,"column":null}},{"start":{"line":37,"column":8},"end":{"line":42,"column":null}}],"line":36},"4":{"loc":{"start":{"line":42,"column":7},"end":{"line":48,"column":null}},"type":"binary-expr","locations":[{"start":{"line":42,"column":7},"end":{"line":42,"column":null}},{"start":{"line":43,"column":8},"end":{"line":48,"column":null}}],"line":42}},"s":{"0":0,"1":0,"2":0,"3":0,"4":0,"5":0,"6":0,"7":0,"8":0,"9":0,"10":0,"11":0,"12":0,"13":0,"14":0,"15":0,"16":0,"17":0,"18":0,"19":0,"20":0},"f":{"0":0,"1":0,"2":0,"3":0,"4":0,"5":0},"b":{"0":[0,0],"1":[0,0],"2":[0,0],"3":[0,0],"4":[0,0]},"meta":{"lastBranch":5,"lastFunction":6,"lastStatement":21,"seen":{"f:3:29:3:45":0,"s:4:22:4:Infinity":0,"s:5:26:5:Infinity":1,"s:7:2:30:Infinity":2,"f:7:2:7:18":1,"s:8:10:12:Infinity":3,"f:8:10:8:31":2,"s:9:6:9:Infinity":4,"s:10:6:10:Infinity":5,"s:11:6:11:Infinity":6,"f:11:6:11:23":3,"s:11:23:11:50":7,"s:14:10:17:Infinity":8,"f:14:10:14:32":4,"s:15:6:15:Infinity":9,"s:16:6:16:Infinity":10,"s:19:4:19:Infinity":11,"s:20:4:20:Infinity":12,"b:22:4:24:Infinity:undefined:undefined:undefined:undefined":0,"s:22:4:24:Infinity":13,"s:23:6:23:Infinity":14,"s:26:4:29:Infinity":15,"f:26:4:26:17":5,"s:27:6:27:Infinity":16,"s:28:6:28:Infinity":17,"b:32:2:32:Infinity:undefined:undefined:undefined:undefined":1,"s:32:2:32:Infinity":18,"b:32:6:32:22:32:22:32:40":2,"s:32:40:32:Infinity":19,"s:34:2:48:Infinity":20,"b:36:7:36:Infinity:37:8:42:Infinity":3,"b:42:7:42:Infinity:43:8:48:Infinity":4}}}
,"D:\\VibeCoding\\数据结构学习助手3\\src\\components\\OperationBar.tsx": {"path":"D:\\VibeCoding\\数据结构学习助手3\\src\\components\\OperationBar.tsx","statementMap":{"0":{"start":{"line":33,"column":2},"end":{"line":45,"column":null}},"1":{"start":{"line":51,"column":13},"end":{"line":71,"column":null}},"2":{"start":{"line":52,"column":2},"end":{"line":69,"column":null}},"3":{"start":{"line":57,"column":23},"end":{"line":57,"column":null}},"4":{"start":{"line":73,"column":13},"end":{"line":115,"column":null}},"5":{"start":{"line":74,"column":8},"end":{"line":85,"column":null}},"6":{"start":{"line":75,"column":4},"end":{"line":84,"column":null}},"7":{"start":{"line":76,"column":18},"end":{"line":76,"column":null}},"8":{"start":{"line":77,"column":6},"end":{"line":82,"column":null}},"9":{"start":{"line":78,"column":8},"end":{"line":78,"column":null}},"10":{"start":{"line":79,"column":8},"end":{"line":81,"column":null}},"11":{"start":{"line":80,"column":10},"end":{"line":80,"column":null}},"12":{"start":{"line":83,"column":6},"end":{"line":83,"column":null}},"13":{"start":{"line":87,"column":43},"end":{"line":95,"column":null}},"14":{"start":{"line":97,"column":2},"end":{"line":113,"column":null}},"15":{"start":{"line":117,"column":13},"end":{"line":121,"column":null}},"16":{"start":{"line":118,"column":2},"end":{"line":121,"column":null}},"17":{"start":{"line":123,"column":13},"end":{"line":127,"column":null}},"18":{"start":{"line":124,"column":2},"end":{"line":127,"column":null}}},"fnMap":{"0":{"name":"OperationBar","decl":{"start":{"line":32,"column":9},"end":{"line":32,"column":22}},"loc":{"start":{"line":32,"column":71},"end":{"line":47,"column":null}},"line":32},"1":{"name":"(anonymous_1)","decl":{"start":{"line":51,"column":30},"end":{"line":51,"column":36}},"loc":{"start":{"line":51,"column":125},"end":{"line":71,"column":1}},"line":51},"2":{"name":"(anonymous_2)","decl":{"start":{"line":57,"column":6},"end":{"line":57,"column":17}},"loc":{"start":{"line":57,"column":23},"end":{"line":57,"column":null}},"line":57},"3":{"name":"(anonymous_3)","decl":{"start":{"line":73,"column":31},"end":{"line":73,"column":37}},"loc":{"start":{"line":73,"column":154},"end":{"line":115,"column":1}},"line":73},"4":{"name":"(anonymous_4)","decl":{"start":{"line":74,"column":8},"end":{"line":74,"column":23}},"loc":{"start":{"line":74,"column":66},"end":{"line":85,"column":null}},"line":74},"5":{"name":"(anonymous_5)","decl":{"start":{"line":79,"column":29},"end":{"line":79,"column":51}},"loc":{"start":{"line":79,"column":51},"end":{"line":81,"column":11}},"line":79},"6":{"name":"(anonymous_6)","decl":{"start":{"line":117,"column":30},"end":{"line":117,"column":36}},"loc":{"start":{"line":118,"column":2},"end":{"line":121,"column":null}},"line":118},"7":{"name":"(anonymous_7)","decl":{"start":{"line":123,"column":29},"end":{"line":123,"column":35}},"loc":{"start":{"line":124,"column":2},"end":{"line":127,"column":null}},"line":124}},"branchMap":{"0":{"loc":{"start":{"line":32,"column":34},"end":{"line":32,"column":71}},"type":"default-arg","locations":[{"start":{"line":32,"column":46},"end":{"line":32,"column":71}}],"line":32},"1":{"loc":{"start":{"line":51,"column":68},"end":{"line":51,"column":83}},"type":"default-arg","locations":[{"start":{"line":51,"column":75},"end":{"line":51,"column":83}}],"line":51},"2":{"loc":{"start":{"line":51,"column":83},"end":{"line":51,"column":125}},"type":"default-arg","locations":[{"start":{"line":51,"column":95},"end":{"line":51,"column":125}}],"line":51},"3":{"loc":{"start":{"line":73,"column":58},"end":{"line":73,"column":79}},"type":"default-arg","locations":[{"start":{"line":73,"column":68},"end":{"line":73,"column":79}}],"line":73},"4":{"loc":{"start":{"line":73,"column":79},"end":{"line":73,"column":101}},"type":"default-arg","locations":[{"start":{"line":73,"column":94},"end":{"line":73,"column":101}}],"line":73},"5":{"loc":{"start":{"line":73,"column":111},"end":{"line":73,"column":154}},"type":"default-arg","locations":[{"start":{"line":73,"column":123},"end":{"line":73,"column":154}}],"line":73},"6":{"loc":{"start":{"line":75,"column":4},"end":{"line":84,"column":null}},"type":"if","locations":[{"start":{"line":75,"column":4},"end":{"line":84,"column":null}},{"start":{},"end":{}}],"line":75},"7":{"loc":{"start":{"line":75,"column":8},"end":{"line":75,"column":30}},"type":"binary-expr","locations":[{"start":{"line":75,"column":8},"end":{"line":75,"column":19}},{"start":{"line":75,"column":19},"end":{"line":75,"column":30}}],"line":75},"8":{"loc":{"start":{"line":77,"column":6},"end":{"line":82,"column":null}},"type":"if","locations":[{"start":{"line":77,"column":6},"end":{"line":82,"column":null}},{"start":{},"end":{}}],"line":77},"9":{"loc":{"start":{"line":108,"column":10},"end":{"line":108,"column":null}},"type":"binary-expr","locations":[{"start":{"line":108,"column":10},"end":{"line":108,"column":31}},{"start":{"line":108,"column":31},"end":{"line":108,"column":null}}],"line":108}},"s":{"0":194,"1":12,"2":227,"3":29,"4":12,"5":957,"6":63,"7":63,"8":63,"9":12,"10":12,"11":0,"12":63,"13":957,"14":957,"15":12,"16":100,"17":12,"18":146},"f":{"0":194,"1":227,"2":29,"3":957,"4":63,"5":0,"6":100,"7":146},"b":{"0":[194],"1":[227],"2":[227],"3":[957],"4":[957],"5":[957],"6":[63,0],"7":[63,63],"8":[12,51],"9":[957,27]},"meta":{"lastBranch":10,"lastFunction":8,"lastStatement":19,"seen":{"f:32:9:32:22":0,"b:32:46:32:71":0,"s:33:2:45:Infinity":0,"s:51:13:71:Infinity":1,"f:51:30:51:36":1,"b:51:75:51:83":1,"b:51:95:51:125":2,"s:52:2:69:Infinity":2,"f:57:6:57:17":2,"s:57:23:57:Infinity":3,"s:73:13:115:Infinity":4,"f:73:31:73:37":3,"b:73:68:73:79":3,"b:73:94:73:101":4,"b:73:123:73:154":5,"s:74:8:85:Infinity":5,"f:74:8:74:23":4,"b:75:4:84:Infinity:undefined:undefined:undefined:undefined":6,"s:75:4:84:Infinity":6,"b:75:8:75:19:75:19:75:30":7,"s:76:18:76:Infinity":7,"b:77:6:82:Infinity:undefined:undefined:undefined:undefined":8,"s:77:6:82:Infinity":8,"s:78:8:78:Infinity":9,"s:79:8:81:Infinity":10,"f:79:29:79:51":5,"s:80:10:80:Infinity":11,"s:83:6:83:Infinity":12,"s:87:43:95:Infinity":13,"s:97:2:113:Infinity":14,"b:108:10:108:31:108:31:108:Infinity":9,"s:117:13:121:Infinity":15,"f:117:30:117:36":6,"s:118:2:121:Infinity":16,"s:123:13:127:Infinity":17,"f:123:29:123:35":7,"s:124:2:127:Infinity":18}}}
,"D:\\VibeCoding\\数据结构学习助手3\\src\\components\\PageHeader.tsx": {"path":"D:\\VibeCoding\\数据结构学习助手3\\src\\components\\PageHeader.tsx","statementMap":{"0":{"start":{"line":11,"column":2},"end":{"line":37,"column":null}}},"fnMap":{"0":{"name":"PageHeader","decl":{"start":{"line":10,"column":9},"end":{"line":10,"column":20}},"loc":{"start":{"line":10,"column":74},"end":{"line":39,"column":null}},"line":10}},"branchMap":{"0":{"loc":{"start":{"line":15,"column":11},"end":{"line":20,"column":11}},"type":"binary-expr","locations":[{"start":{"line":15,"column":11},"end":{"line":15,"column":null}},{"start":{"line":16,"column":12},"end":{"line":20,"column":11}}],"line":15},"1":{"loc":{"start":{"line":24,"column":13},"end":{"line":29,"column":null}},"type":"binary-expr","locations":[{"start":{"line":24,"column":13},"end":{"line":24,"column":null}},{"start":{"line":25,"column":14},"end":{"line":29,"column":null}}],"line":24},"2":{"loc":{"start":{"line":31,"column":9},"end":{"line":36,"column":null}},"type":"binary-expr","locations":[{"start":{"line":31,"column":9},"end":{"line":31,"column":null}},{"start":{"line":32,"column":10},"end":{"line":36,"column":null}}],"line":31}},"s":{"0":165},"f":{"0":165},"b":{"0":[165,165],"1":[165,165],"2":[165,165]},"meta":{"lastBranch":3,"lastFunction":1,"lastStatement":1,"seen":{"f:10:9:10:20":0,"s:11:2:37:Infinity":0,"b:15:11:15:Infinity:16:12:20:11":0,"b:24:13:24:Infinity:25:14:29:Infinity":1,"b:31:9:31:Infinity:32:10:36:Infinity":2}}}
,"D:\\VibeCoding\\数据结构学习助手3\\src\\components\\PerformanceChart.tsx": {"path":"D:\\VibeCoding\\数据结构学习助手3\\src\\components\\PerformanceChart.tsx","statementMap":{"0":{"start":{"line":20,"column":46},"end":{"line":24,"column":null}},"1":{"start":{"line":26,"column":49},"end":{"line":30,"column":null}},"2":{"start":{"line":32,"column":49},"end":{"line":36,"column":null}},"3":{"start":{"line":39,"column":8},"end":{"line":39,"column":null}},"4":{"start":{"line":40,"column":8},"end":{"line":40,"column":null}},"5":{"start":{"line":41,"column":10},"end":{"line":41,"column":null}},"6":{"start":{"line":42,"column":10},"end":{"line":42,"column":null}},"7":{"start":{"line":44,"column":8},"end":{"line":48,"column":null}},"8":{"start":{"line":44,"column":32},"end":{"line":48,"column":6}},"9":{"start":{"line":50,"column":8},"end":{"line":54,"column":null}},"10":{"start":{"line":50,"column":32},"end":{"line":54,"column":6}},"11":{"start":{"line":56,"column":2},"end":{"line":175,"column":null}},"12":{"start":{"line":57,"column":4},"end":{"line":57,"column":null}},"13":{"start":{"line":57,"column":74},"end":{"line":57,"column":null}},"14":{"start":{"line":59,"column":22},"end":{"line":59,"column":null}},"15":{"start":{"line":60,"column":4},"end":{"line":60,"column":null}},"16":{"start":{"line":60,"column":20},"end":{"line":60,"column":null}},"17":{"start":{"line":62,"column":17},"end":{"line":62,"column":null}},"18":{"start":{"line":63,"column":18},"end":{"line":63,"column":null}},"19":{"start":{"line":64,"column":19},"end":{"line":64,"column":null}},"20":{"start":{"line":66,"column":19},"end":{"line":66,"column":null}},"21":{"start":{"line":67,"column":19},"end":{"line":67,"column":null}},"22":{"start":{"line":68,"column":19},"end":{"line":68,"column":null}},"23":{"start":{"line":70,"column":10},"end":{"line":70,"column":null}},"24":{"start":{"line":71,"column":4},"end":{"line":71,"column":null}},"25":{"start":{"line":72,"column":4},"end":{"line":72,"column":null}},"26":{"start":{"line":74,"column":14},"end":{"line":75,"column":null}},"27":{"start":{"line":77,"column":21},"end":{"line":77,"column":null}},"28":{"start":{"line":78,"column":4},"end":{"line":78,"column":null}},"29":{"start":{"line":78,"column":31},"end":{"line":78,"column":null}},"30":{"start":{"line":80,"column":20},"end":{"line":80,"column":null}},"31":{"start":{"line":81,"column":23},"end":{"line":81,"column":null}},"32":{"start":{"line":82,"column":21},"end":{"line":82,"column":null}},"33":{"start":{"line":84,"column":19},"end":{"line":86,"column":null}},"34":{"start":{"line":85,"column":27},"end":{"line":85,"column":109}},"35":{"start":{"line":85,"column":56},"end":{"line":85,"column":107}},"36":{"start":{"line":87,"column":4},"end":{"line":87,"column":null}},"37":{"start":{"line":87,"column":22},"end":{"line":87,"column":null}},"38":{"start":{"line":89,"column":10},"end":{"line":89,"column":null}},"39":{"start":{"line":89,"column":36},"end":{"line":89,"column":null}},"40":{"start":{"line":91,"column":19},"end":{"line":91,"column":null}},"41":{"start":{"line":92,"column":4},"end":{"line":109,"column":null}},"42":{"start":{"line":92,"column":17},"end":{"line":92,"column":20}},"43":{"start":{"line":93,"column":18},"end":{"line":93,"column":null}},"44":{"start":{"line":94,"column":16},"end":{"line":94,"column":null}},"45":{"start":{"line":96,"column":6},"end":{"line":100,"column":null}},"46":{"start":{"line":102,"column":6},"end":{"line":108,"column":null}},"47":{"start":{"line":111,"column":4},"end":{"line":151,"column":null}},"48":{"start":{"line":112,"column":21},"end":{"line":112,"column":null}},"49":{"start":{"line":113,"column":25},"end":{"line":113,"column":null}},"50":{"start":{"line":115,"column":6},"end":{"line":141,"column":null}},"51":{"start":{"line":116,"column":20},"end":{"line":116,"column":null}},"52":{"start":{"line":117,"column":22},"end":{"line":117,"column":null}},"53":{"start":{"line":118,"column":18},"end":{"line":118,"column":null}},"54":{"start":{"line":119,"column":18},"end":{"line":119,"column":null}},"55":{"start":{"line":121,"column":8},"end":{"line":129,"column":null}},"56":{"start":{"line":131,"column":8},"end":{"line":140,"column":null}},"57":{"start":{"line":132,"column":10},"end":{"line":139,"column":null}},"58":{"start":{"line":143,"column":6},"end":{"line":150,"column":null}},"59":{"start":{"line":153,"column":20},"end":{"line":153,"column":null}},"60":{"start":{"line":154,"column":18},"end":{"line":154,"column":null}},"61":{"start":{"line":155,"column":19},"end":{"line":155,"column":null}},"62":{"start":{"line":156,"column":4},"end":{"line":173,"column":null}},"63":{"start":{"line":157,"column":6},"end":{"line":162,"column":null}},"64":{"start":{"line":164,"column":6},"end":{"line":170,"column":null}},"65":{"start":{"line":172,"column":6},"end":{"line":172,"column":null}},"66":{"start":{"line":177,"column":2},"end":{"line":180,"column":null}}},"fnMap":{"0":{"name":"PerformanceChart","decl":{"start":{"line":38,"column":9},"end":{"line":38,"column":26}},"loc":{"start":{"line":38,"column":68},"end":{"line":182,"column":null}},"line":38},"1":{"name":"(anonymous_1)","decl":{"start":{"line":44,"column":17},"end":{"line":44,"column":32}},"loc":{"start":{"line":44,"column":32},"end":{"line":48,"column":6}},"line":44},"2":{"name":"(anonymous_2)","decl":{"start":{"line":50,"column":17},"end":{"line":50,"column":32}},"loc":{"start":{"line":50,"column":32},"end":{"line":54,"column":6}},"line":50},"3":{"name":"(anonymous_3)","decl":{"start":{"line":56,"column":2},"end":{"line":56,"column":18}},"loc":{"start":{"line":56,"column":18},"end":{"line":175,"column":5}},"line":56},"4":{"name":"(anonymous_4)","decl":{"start":{"line":85,"column":18},"end":{"line":85,"column":22}},"loc":{"start":{"line":85,"column":27},"end":{"line":85,"column":109}},"line":85},"5":{"name":"(anonymous_5)","decl":{"start":{"line":85,"column":47},"end":{"line":85,"column":51}},"loc":{"start":{"line":85,"column":56},"end":{"line":85,"column":107}},"line":85},"6":{"name":"(anonymous_6)","decl":{"start":{"line":89,"column":10},"end":{"line":89,"column":20}},"loc":{"start":{"line":89,"column":36},"end":{"line":89,"column":null}},"line":89},"7":{"name":"(anonymous_7)","decl":{"start":{"line":111,"column":13},"end":{"line":111,"column":22}},"loc":{"start":{"line":111,"column":33},"end":{"line":151,"column":5}},"line":111},"8":{"name":"(anonymous_8)","decl":{"start":{"line":115,"column":14},"end":{"line":115,"column":23}},"loc":{"start":{"line":115,"column":37},"end":{"line":141,"column":7}},"line":115},"9":{"name":"(anonymous_9)","decl":{"start":{"line":156,"column":12},"end":{"line":156,"column":21}},"loc":{"start":{"line":156,"column":32},"end":{"line":173,"column":5}},"line":156}},"branchMap":{"0":{"loc":{"start":{"line":57,"column":4},"end":{"line":57,"column":null}},"type":"if","locations":[{"start":{"line":57,"column":4},"end":{"line":57,"column":null}},{"start":{},"end":{}}],"line":57},"1":{"loc":{"start":{"line":57,"column":8},"end":{"line":57,"column":74}},"type":"binary-expr","locations":[{"start":{"line":57,"column":8},"end":{"line":57,"column":27}},{"start":{"line":57,"column":27},"end":{"line":57,"column":39}},{"start":{"line":57,"column":39},"end":{"line":57,"column":74}}],"line":57},"2":{"loc":{"start":{"line":60,"column":4},"end":{"line":60,"column":null}},"type":"if","locations":[{"start":{"line":60,"column":4},"end":{"line":60,"column":null}},{"start":{},"end":{}}],"line":60},"3":{"loc":{"start":{"line":78,"column":4},"end":{"line":78,"column":null}},"type":"if","locations":[{"start":{"line":78,"column":4},"end":{"line":78,"column":null}},{"start":{},"end":{}}],"line":78},"4":{"loc":{"start":{"line":85,"column":56},"end":{"line":85,"column":107}},"type":"binary-expr","locations":[{"start":{"line":85,"column":56},"end":{"line":85,"column":106}},{"start":{"line":85,"column":106},"end":{"line":85,"column":107}}],"line":85},"5":{"loc":{"start":{"line":87,"column":4},"end":{"line":87,"column":null}},"type":"if","locations":[{"start":{"line":87,"column":4},"end":{"line":87,"column":null}},{"start":{},"end":{}}],"line":87},"6":{"loc":{"start":{"line":99,"column":24},"end":{"line":99,"column":63}},"type":"cond-expr","locations":[{"start":{"line":99,"column":42},"end":{"line":99,"column":54}},{"start":{"line":99,"column":54},"end":{"line":99,"column":63}}],"line":99},"7":{"loc":{"start":{"line":107,"column":22},"end":{"line":107,"column":61}},"type":"cond-expr","locations":[{"start":{"line":107,"column":40},"end":{"line":107,"column":52}},{"start":{"line":107,"column":52},"end":{"line":107,"column":61}}],"line":107},"8":{"loc":{"start":{"line":116,"column":20},"end":{"line":116,"column":null}},"type":"binary-expr","locations":[{"start":{"line":116,"column":20},"end":{"line":116,"column":67}},{"start":{"line":116,"column":67},"end":{"line":116,"column":null}}],"line":116},"9":{"loc":{"start":{"line":128,"column":26},"end":{"line":128,"column":62}},"type":"cond-expr","locations":[{"start":{"line":128,"column":44},"end":{"line":128,"column":56}},{"start":{"line":128,"column":56},"end":{"line":128,"column":62}}],"line":128},"10":{"loc":{"start":{"line":131,"column":8},"end":{"line":140,"column":null}},"type":"if","locations":[{"start":{"line":131,"column":8},"end":{"line":140,"column":null}},{"start":{},"end":{}}],"line":131},"11":{"loc":{"start":{"line":138,"column":26},"end":{"line":138,"column":65}},"type":"cond-expr","locations":[{"start":{"line":138,"column":44},"end":{"line":138,"column":56}},{"start":{"line":138,"column":56},"end":{"line":138,"column":65}}],"line":138},"12":{"loc":{"start":{"line":149,"column":22},"end":{"line":149,"column":61}},"type":"cond-expr","locations":[{"start":{"line":149,"column":40},"end":{"line":149,"column":52}},{"start":{"line":149,"column":52},"end":{"line":149,"column":61}}],"line":149},"13":{"loc":{"start":{"line":155,"column":19},"end":{"line":155,"column":null}},"type":"cond-expr","locations":[{"start":{"line":155,"column":35},"end":{"line":155,"column":54}},{"start":{"line":155,"column":54},"end":{"line":155,"column":null}}],"line":155},"14":{"loc":{"start":{"line":169,"column":22},"end":{"line":169,"column":61}},"type":"cond-expr","locations":[{"start":{"line":169,"column":40},"end":{"line":169,"column":52}},{"start":{"line":169,"column":52},"end":{"line":169,"column":61}}],"line":169}},"s":{"0":1,"1":1,"2":1,"3":9,"4":9,"5":9,"6":9,"7":9,"8":9,"9":9,"10":9,"11":9,"12":9,"13":2,"14":7,"15":7,"16":0,"17":7,"18":7,"19":7,"20":7,"21":7,"22":7,"23":7,"24":7,"25":7,"26":7,"27
[...]
ll}},"line":315},"7":{"name":"ensureGradientDefs","decl":{"start":{"line":319,"column":16},"end":{"line":319,"column":35}},"loc":{"start":{"line":319,"column":71},"end":{"line":354,"column":null}},"line":319},"8":{"name":"(anonymous_8)","decl":{"start":{"line":341,"column":12},"end":{"line":341,"column":21}},"loc":{"start":{"line":341,"column":39},"end":{"line":353,"column":3}},"line":341},"9":{"name":"(anonymous_9)","decl":{"start":{"line":345,"column":12},"end":{"line":345,"column":21}},"loc":{"start":{"line":345,"column":34},"end":{"line":350,"column":7}},"line":345}},"branchMap":{"0":{"loc":{"start":{"line":281,"column":26},"end":{"line":281,"column":55}},"type":"default-arg","locations":[{"start":{"line":281,"column":35},"end":{"line":281,"column":55}}],"line":281},"1":{"loc":{"start":{"line":282,"column":18},"end":{"line":282,"column":null}},"type":"binary-expr","locations":[{"start":{"line":282,"column":18},"end":{"line":282,"column":44}},{"start":{"line":282,"column":44},"end":{"line":282,"column":null}}],"line":282},"2":{"loc":{"start":{"line":283,"column":9},"end":{"line":283,"column":null}},"type":"cond-expr","locations":[{"start":{"line":283,"column":18},"end":{"line":283,"column":33}},{"start":{"line":283,"column":33},"end":{"line":283,"column":null}}],"line":283},"3":{"loc":{"start":{"line":291,"column":2},"end":{"line":291,"column":null}},"type":"if","locations":[{"start":{"line":291,"column":2},"end":{"line":291,"column":null}},{"start":{},"end":{}}],"line":291},"4":{"loc":{"start":{"line":303,"column":9},"end":{"line":303,"column":null}},"type":"binary-expr","locations":[{"start":{"line":303,"column":9},"end":{"line":303,"column":30}},{"start":{"line":303,"column":30},"end":{"line":303,"column":null}}],"line":303},"5":{"loc":{"start":{"line":309,"column":4},"end":{"line":311,"column":null}},"type":"if","locations":[{"start":{"line":309,"column":4},"end":{"line":311,"column":null}},{"start":{},"end":{}}],"line":309},"6":{"loc":{"start":{"line":309,"column":8},"end":{"line":309,"column":34}},"type":"binary-expr","locations":[{"start":{"line":309,"column":8},"end":{"line":309,"column":17}},{"start":{"line":309,"column":17},"end":{"line":309,"column":34}}],"line":309},"7":{"loc":{"start":{"line":319,"column":55},"end":{"line":319,"column":71}},"type":"default-arg","locations":[{"start":{"line":319,"column":64},"end":{"line":319,"column":71}}],"line":319},"8":{"loc":{"start":{"line":321,"column":2},"end":{"line":324,"column":null}},"type":"if","locations":[{"start":{"line":321,"column":2},"end":{"line":324,"column":null}},{"start":{},"end":{}}],"line":321},"9":{"loc":{"start":{"line":342,"column":4},"end":{"line":352,"column":null}},"type":"if","locations":[{"start":{"line":342,"column":4},"end":{"line":352,"column":null}},{"start":{},"end":{}}],"line":342}},"s":{"0":15,"1":15,"2":15,"3":15,"4":56,"5":56,"6":5,"7":21,"8":1,"9":20,"10":20,"11":20,"12":2,"13":26,"14":3,"15":3,"16":3,"17":1,"18":66,"19":22,"20":22,"21":22,"22":22,"23":22,"24":22,"25":22,"26":220,"27":220,"28":220,"29":220,"30":440,"31":440,"32":440,"33":440,"34":220},"f":{"0":56,"1":5,"2":21,"3":2,"4":26,"5":3,"6":66,"7":22,"8":220,"9":440},"b":{"0":[56],"1":[56,0],"2":[3,53],"3":[1,20],"4":[26,26],"5":[1,2],"6":[3,2],"7":[22],"8":[22,0],"9":[220,0]},"meta":{"lastBranch":10,"lastFunction":10,"lastStatement":35,"seen":{"s:6:20:6:Infinity":0,"s:37:76:270:Infinity":1,"s:272:24:277:Infinity":2,"s:279:19:279:Infinity":3,"f:281:16:281:26":0,"b:281:35:281:55":0,"s:282:18:282:Infinity":4,"b:282:18:282:44:282:44:282:Infinity":1,"s:283:2:283:Infinity":5,"b:283:18:283:33:283:33:283:Infinity":2,"f:286:16:286:35":1,"s:287:2:287:Infinity":6,"f:290:16:290:25":2,"b:291:2:291:Infinity:undefined:undefined:undefined:undefined":3,"s:291:2:291:Infinity":7,"s:291:24:291:Infinity":8,"s:292:2:292:Infinity":9,"s:293:2:295:Infinity":10,"s:294:4:294:Infinity":11,"f:298:16:298:37":3,"s:299:2:299:Infinity":12,"f:302:16:302:42":4,"s:303:2:303:Infinity":13,"b:303:9:303:30:303:30:303:Infinity":4,"f:306:16:306:28":5,"s:307:2:312:Infinity":14,"s:308:18:308:Infinity":15,"b:309:4:311:Infinity:undefined:undefined:undefined:undefined":5,"s:309:4:311:Infinity":16,"b:309:8:309:17:309:17:309:34":6,"s:310:6:310:Infinity":17,"f:315:16:315:24":6,"s:316:2:316:Infinity":18,"f:319:16:319:35":7,"b:319:64:319:71":7,"s:320:13:320:Infinity":19,"b:321:2:324:Infinity:undefined:undefined:undefined:undefined":8,"s:321:2:324:Infinity":20,"s:322:4:322:Infinity":21,"s:323:4:323:Infinity":22,"s:326:17:326:Infinity":23,"s:328:20:339:Infinity":24,"s:341:2:353:Infinity":25,"f:341:12:341:21":8,"b:342:4:352:Infinity:undefined:undefined:undefined:undefined":9,"s:342:4:352:Infinity":26,"s:343:19:343:Infinity":27,"s:344:6:344:Infinity":28,"s:345:6:350:Infinity":29,"f:345:12:345:21":9,"s:346:21:346:Infinity":30,"s:347:8:347:Infinity":31,"s:348:8:348:Infinity":32,"s:349:8:349:Infinity":33,"s:351:6:351:Infinity":34}}}
,"D:\\VibeCoding\\数据结构学习助手3\\src\\utils\\timeslicing.ts": {"path":"D:\\VibeCoding\\数据结构学习助手3\\src\\utils\\timeslicing.ts","statementMap":{"0":{"start":{"line":5,"column":2},"end":{"line":9,"column":null}},"1":{"start":{"line":6,"column":4},"end":{"line":8,"column":null}},"2":{"start":{"line":7,"column":6},"end":{"line":7,"column":null}},"3":{"start":{"line":20,"column":23},"end":{"line":20,"column":null}},"4":{"start":{"line":21,"column":2},"end":{"line":26,"column":null}},"5":{"start":{"line":21,"column":15},"end":{"line":21,"column":18}},"6":{"start":{"line":22,"column":4},"end":{"line":22,"column":null}},"7":{"start":{"line":23,"column":4},"end":{"line":25,"column":null}},"8":{"start":{"line":24,"column":6},"end":{"line":24,"column":null}},"9":{"start":{"line":27,"column":2},"end":{"line":27,"column":null}}},"fnMap":{"0":{"name":"yieldToMain","decl":{"start":{"line":4,"column":16},"end":{"line":4,"column":45}},"loc":{"start":{"line":4,"column":45},"end":{"line":10,"column":null}},"line":4},"1":{"name":"(anonymous_1)","decl":{"start":{"line":5,"column":13},"end":{"line":5,"column":21}},"loc":{"start":{"line":5,"column":32},"end":{"line":9,"column":3}},"line":5},"2":{"name":"(anonymous_2)","decl":{"start":{"line":6,"column":4},"end":{"line":6,"column":32}},"loc":{"start":{"line":6,"column":32},"end":{"line":8,"column":5}},"line":6},"3":{"name":"runWithTimeSlicing","decl":{"start":{"line":19,"column":22},"end":{"line":19,"column":47}},"loc":{"start":{"line":19,"column":142},"end":{"line":28,"column":null}},"line":19}},"branchMap":{"0":{"loc":{"start":{"line":19,"column":112},"end":{"line":19,"column":142}},"type":"default-arg","locations":[{"start":{"line":19,"column":124},"end":{"line":19,"column":142}}],"line":19},"1":{"loc":{"start":{"line":23,"column":4},"end":{"line":25,"column":null}},"type":"if","locations":[{"start":{"line":23,"column":4},"end":{"line":25,"column":null}},{"start":{},"end":{}}],"line":23},"2":{"loc":{"start":{"line":23,"column":8},"end":{"line":23,"column":38}},"type":"binary-expr","locations":[{"start":{"line":23,"column":8},"end":{"line":23,"column":31}},{"start":{"line":23,"column":31},"end":{"line":23,"column":38}}],"line":23}},"s":{"0":138,"1":138,"2":113,"3":5,"4":5,"5":5,"6":36,"7":36,"8":4,"9":5},"f":{"0":138,"1":138,"2":113,"3":5},"b":{"0":[5],"1":[4,32],"2":[36,8]},"meta":{"lastBranch":3,"lastFunction":4,"lastStatement":10,"seen":{"f:4:16:4:45":0,"s:5:2:9:Infinity":0,"f:5:13:5:21":1,"s:6:4:8:Infinity":1,"f:6:4:6:32":2,"s:7:6:7:Infinity":2,"f:19:22:19:47":3,"b:19:124:19:142":0,"s:20:23:20:Infinity":3,"s:21:2:26:Infinity":4,"s:21:15:21:18":5,"s:22:4:22:Infinity":6,"b:23:4:25:Infinity:undefined:undefined:undefined:undefined":1,"s:23:4:25:Infinity":7,"b:23:8:23:31:23:31:23:38":2,"s:24:6:24:Infinity":8,"s:27:2:27:Infinity":9}}}
,"D:\\VibeCoding\\数据结构学习助手3\\src\\utils\\validate.ts": {"path":"D:\\VibeCoding\\数据结构学习助手3\\src\\utils\\validate.ts","statementMap":{"0":{"start":{"line":2,"column":2},"end":{"line":2,"column":null}},"1":{"start":{"line":2,"column":62},"end":{"line":2,"column":null}},"2":{"start":{"line":3,"column":14},"end":{"line":3,"column":null}},"3":{"start":{"line":4,"column":2},"end":{"line":4,"column":null}},"4":{"start":{"line":4,"column":30},"end":{"line":4,"column":null}},"5":{"start":{"line":5,"column":2},"end":{"line":5,"column":null}},"6":{"start":{"line":14,"column":14},"end":{"line":14,"column":null}},"7":{"start":{"line":15,"column":2},"end":{"line":17,"column":null}},"8":{"start":{"line":16,"column":4},"end":{"line":16,"column":null}},"9":{"start":{"line":18,"column":2},"end":{"line":20,"column":null}},"10":{"start":{"line":19,"column":4},"end":{"line":19,"column":null}},"11":{"start":{"line":21,"column":2},"end":{"line":21,"column":null}},"12":{"start":{"line":25,"column":14},"end":{"line":25,"column":null}},"13":{"start":{"line":26,"column":2},"end":{"line":26,"column":null}},"14":{"start":{"line":26,"column":36},"end":{"line":26,"column":null}},"15":{"start":{"line":27,"column":2},"end":{"line":27,"column":null}},"16":{"start":{"line":27,"column":30},"end":{"line":27,"column":null}},"17":{"start":{"line":28,"column":2},"end":{"line":28,"column":null}},"18":{"start":{"line":38,"column":2},"end":{"line":40,"column":null}},"19":{"start":{"line":39,"column":4},"end":{"line":39,"column":null}},"20":{"start":{"line":42,"column":2},"end":{"line":44,"column":null}},"21":{"start":{"line":43,"column":4},"end":{"line":43,"column":null}},"22":{"start":{"line":46,"column":2},"end":{"line":48,"column":null}},"23":{"start":{"line":47,"column":4},"end":{"line":47,"column":null}},"24":{"start":{"line":50,"column":2},"end":{"line":52,"column":null}},"25":{"start":{"line":51,"column":4},"end":{"line":51,"column":null}},"26":{"start":{"line":54,"column":30},"end":{"line":54,"column":null}},"27":{"start":{"line":55,"column":2},"end":{"line":67,"column":null}},"28":{"start":{"line":55,"column":15},"end":{"line":55,"column":18}},"29":{"start":{"line":56,"column":17},"end":{"line":56,"column":null}},"30":{"start":{"line":57,"column":4},"end":{"line":59,"column":null}},"31":{"start":{"line":58,"column":6},"end":{"line":58,"column":null}},"32":{"start":{"line":60,"column":4},"end":{"line":62,"column":null}},"33":{"start":{"line":61,"column":6},"end":{"line":61,"column":null}},"34":{"start":{"line":63,"column":4},"end":{"line":65,"column":null}},"35":{"start":{"line":64,"column":6},"end":{"line":64,"column":null}},"36":{"start":{"line":66,"column":4},"end":{"line":66,"column":null}},"37":{"start":{"line":69,"column":2},"end":{"line":69,"column":null}}},"fnMap":{"0":{"name":"sanitizeInput","decl":{"start":{"line":1,"column":16},"end":{"line":1,"column":30}},"loc":{"start":{"line":1,"column":87},"end":{"line":6,"column":null}},"line":1},"1":{"name":"validateNumericInput","decl":{"start":{"line":13,"column":16},"end":{"line":13,"column":37}},"loc":{"start":{"line":13,"column":121},"end":{"line":22,"column":null}},"line":13},"2":{"name":"getValidationError","decl":{"start":{"line":24,"column":16},"end":{"line":24,"column":35}},"loc":{"start":{"line":24,"column":124},"end":{"line":29,"column":null}},"line":24},"3":{"name":"validateImportData","decl":{"start":{"line":37,"column":16},"end":{"line":37,"column":35}},"loc":{"start":{"line":37,"column":164},"end":{"line":70,"column":null}},"line":37}},"branchMap":{"0":{"loc":{"start":{"line":1,"column":54},"end":{"line":1,"column":87}},"type":"default-arg","locations":[{"start":{"line":1,"column":74},"end":{"line":1,"column":87}}],"line":1},"1":{"loc":{"start":{"line":2,"column":2},"end":{"line":2,"column":null}},"type":"if","locations":[{"start":{"line":2,"column":2},"end":{"line":2,"column":null}},{"start":{},"end":{}}],"line":2},"2":{"loc":{"start":{"line":2,"column":6},"end":{"line":2,"column":62}},"type":"binary-expr","locations":[{"start":{"line":2,"column":6},"end":{"line":2,"column":35}},{"start":{"line":2,"column":35},"end":{"line":2,"column":62}}],"line":2},"3":{"loc":{"start":{"line":4,"column":2},"end":{"line":4,"column":null}},"type":"if","locations":[{"start":{"line":4,"column":2},"end":{"line":4,"column":null}},{"start":{},"end":{}}],"line":4},"4":{"loc":{"start":{"line":13,"column":61},"end":{"line":13,"column":78}},"type":"default-arg","locations":[{"start":{"line":13,"column":75},"end":{"line":13,"column":78}}],"line":13},"5":{"loc":{"start":{"line":13,"column":78},"end":{"line":13,"column":121}},"type":"default-arg","locations":[{"start":{"line":13,"column":92},"end":{"line":13,"column":121}}],"line":13},"6":{"loc":{"start":{"line":15,"column":2},"end":{"line":17,"column":null}},"type":"if","locations":[{"start":{"line":15,"column":2},"end":{"line":17,"column":null}},{"start":{},"end":{}}],"line":15},"7":{"loc":{"start":{"line":15,"column":6},"end":{"line":15,"column":36}},"type":"binary-expr","locations":[{"start":{"line":15,"column":6},"end":{"line":15,"column":20}},{"start":{"line":15,"column":20},"end":{"line":15,"column":36}}],"line":15},"8":{"loc":{"start":{"line":18,"column":2},"end":{"line":20,"column":null}},"type":"if","locations":[{"start":{"line":18,"column":2},"end":{"line":20,"column":null}},{"start":{},"end":{}}],"line":18},"9":{"loc":{"start":{"line":18,"column":6},"end":{"line":18,"column":30}},"type":"binary-expr","locations":[{"start":{"line":18,"column":6},"end":{"line":18,"column":19}},{"start":{"line":18,"column":19},"end":{"line":18,"column":30}}],"line":18},"10":{"loc":{"start":{"line":24,"column":74},"end":{"line":24,"column":91}},"type":"default-arg","locations":[{"start":{"line":24,"column":88},"end":{"line":24,"column":91}}],"line":24},"11":{"loc":{"start":{"line":24,"column":91},"end":{"line":24,"column":124}},"type":"default-arg","locations":[{"start":{"line":24,"column":105},"end":{"line":24,"column":124}}],"line":24},"12":{"loc":{"start":{"line":26,"column":2},"end":{"line":26,"column":null}},"type":"if","locations":[{"start":{"line":26,"column":2},"end":{"line":26,"column":null}},{"start":{},"end":{}}],"line":26},"13":{"loc":{"start":{"line":26,"column":6},"end":{"line":26,"column":36}},"type":"binary-expr","locations":[{"start":{"line":26,"column":6},"end":{"line":26,"column":20}},{"start":{"line":26,"column":20},"end":{"line":26,"column":36}}],"line":26},"14":{"loc":{"start":{"line":27,"column":2},"end":{"line":27,"column":null}},"type":"if","locations":[{"start":{"line":27,"column":2},"end":{"line":27,"column":null}},{"start":{},"end":{}}],"line":27},"15":{"loc":{"start":{"line":27,"column":6},"end":{"line":27,"column":30}},"type":"binary-expr","locations":[{"start":{"line":27,"column":6},"end":{"line":27,"column":19}},{"start":{"line":27,"column":19},"end":{"line":27,"column":30}}],"line":27},"16":{"loc":{"start":{"line":37,"column":68},"end":{"line":37,"column":91}},"type":"default-arg","locations":[{"start":{"line":37,"column":86},"end":{"line":37,"column":91}}],"line":37},"17":{"loc":{"start":{"line":37,"column":91},"end":{"line":37,"column":116}},"type":"default-arg","locations":[{"start":{"line":37,"column":110},"end":{"line":37,"column":116}}],"line":37},"18":{"loc":{"start":{"line":37,"column":116},"end":{"line":37,"column":164}},"type":"default-arg","locations":[{"start":{"line":37,"column":135},"end":{"line":37,"column":164}}],"line":37},"19":{"loc":{"start":{"line":38,"column":2},"end":{"line":40,"column":null}},"type":"if","locations":[{"start":{"line":38,"column":2},"end":{"line":40,"column":null}},{"start":{},"end":{}}],"line":38},"20":{"loc":{"start":{"line":42,"column":2},"end":{"line":44,"column":null}},"type":"if","locations":[{"start":{"line":42,"column":2},"end":{"line":44,"column":null}},{"start":{},"end":{}}],"line":42},"21":{"loc":{"start":{"line":46,"column":2},"end":{"line":48,"column":null}},"type":"if","locations":[{"start":{"line":46,"column":2},"end":{"line":48,"column":null}},{"start":{},"end":{}}],"line":46},"22":{"loc":{"start":{"line":50,"column":2},"end":{"line":52,"column":null}},"type":"if","locations":[{"start":{"line":50,"column":2},"end":{"line":52,"column":null}},{"start":{},"end":{}}],"line":50},"23":{"loc":{"start":{"line":57,"column":4},"end":{"line":59,"column":null}},"type":"if","locations":[{"start":{"line":57,"column":4},"end":{"line":59,"column":null}},{"start":{},"end":{}}],"line":57},"24":{"loc":{"start":{"line":57,"column":8},"end":{"line":57,"column":68}},"type":"binary-expr","locations":[{"start":{"line":57,"column":8},"end":{"line":57,"column":36}},{"start":{"line":57,"column":36},"end":{"line":57,"column":51}},{"start":{"line":57,"column":51},"end":{"line":57,"column":68}}],"line":57},"25":{"loc":{"start":{"line":60,"column":4},"end":{"line":62,"column":null}},"type":"if","locations":[{"start":{"line":60,"column":4},"end":{"line":62,"column":null}},{"start":{},"end":{}}],"line":60},"26":{"loc":{"start":{"line":63,"column":4},"end":{"line":65,"column":null}},"type":"if","locations":[{"start":{"line":63,"column":4},"end":{"line":65,"column":null}},{"start":{},"end":{}}],"line":63},"27":{"loc":{"start":{"line":63,"column":8},"end":{"line":63,"column":44}},"type":"binary-expr","locations":[{"start":{"line":63,"column":8},"end":{"line":63,"column":27}},{"start":{"line":63,"column":27},"end":{"line":63,"column":44}}],"line":63}},"s":{"0":10,"1":0,"2":10,"3":10,"4":1,"5":9,"6":97,"7":97,"8":13,"9":84,"10":18,"11":66,"12":21,"13":21,"14":2,"15":19,"16":2,"17":17,"18":8,"19":1,"20":7,"21":1,"22":6,"23":1,"24":5,"25":1,"26":4,"27":4,"28":4,"29":8,"30":8,"31":1,"32":7,"33":1,"34":6,"35":1,"36":5,"37":1},"f":{"0":10,"1":97,"2":21,"3":8},"b":{"0":[10],"1":[0,10],"2":[10,2],"3":[1,9],"4":[97],"5":[97],"6":[13,84],"7":[97,84],"8":[18,66],"9":[84,74],"10":[21],"11":[21],"12":[2,19],"13":[21,19],"14":[2,17],"15":[19,18],"16":[8],"17":[8],"18":[8],"19":[1,7],"20":[1,6],"21":[1,5],"22":[1,4],"23":[1,7],"24":[8,7,7],"25":[1,6],"26":[1,5],"27":[6,6]},"meta":{"lastBranch":28,"lastFunction":4,"lastStatement":38,"seen":{"f:1:16:1:30":0,"b:1:74:1:87":0,"b:2:2:2:Infinity:undefined:undefined:undefined:undefined":1,"s:2:2:2:Infinity":0,"b:2:6:2:35:2:35:2:62":2,"s:2:62:2:Infinity":1,"s:3:14:3:Infinity":2,"b:4:2:4:Infinity:undefined:undefined:undefined:undefined":3,"s:4:2:4:Infinity":3,"s:4:30:4:Infinity":4,"s:5:2:5:Infinity":5,"f:13:16:13:37":1,"b:13:75:13:78":4,"b:13:92:13:121":5,"s:14:14:14:Infinity":6,"b:15:2:17:Infinity:undefined:undefined:undefined:undefined":6,"s:15:2:17:Infinity":7,"b:15:6:15:20:15:20:15:36":7,"s:16:4:16:Infinity":8,"b:18:2:20:Infinity:undefined:undefined:undefined:undefined":8,"s:18:2:20:Infinity":9,"b:18:6:18:19:18:19:18:30":9,"s:19:4:19:Infinity":10,"s:21:2:21:Infinity":11,"f:24:16:24:35":2,"b:24:88:24:91":10,"b:24:105:24:124":11,"s:25:14:25:Infinity":12,"b:26:2:26:Infinity:undefined:undefined:undefined:undefined":12,"s:26:2:26:Infinity":13,"b:26:6:26:20:26:20:26:36":13,"s:26:36:26:Infinity":14,"b:27:2:27:Infinity:undefined:undefined:undefined:undefined":14,"s:27:2:27:Infinity":15,"b:27:6:27:19:27:19:27:30":15,"s:27:30:27:Infinity":16,"s:28:2:28:Infinity":17,"f:37:16:37:35":3,"b:37:86:37:91":16,"b:37:110:37:116":17,"b:37:135:37:164":18,"b:38:2:40:Infinity:undefined:undefined:undefined:undefined":19,"s:38:2:40:Infinity":18,"s:39:4:39:Infinity":19,"b:42:2:44:Infinity:undefined:undefined:undefined:undefined":20,"s:42:2:44:Infinity":20,"s:43:4:43:Infinity":21,"b:46:2:48:Infinity:undefined:undefined:undefined:undefined":21,"s:46:2:48:Infinity":22,"s:47:4:47:Infinity":23,"b:50:2:52:Infinity:undefined:undefined:undefined:undefined":22,"s:50:2:52:Infinity":24,"s:51:4:51:Infinity":25,"s:54:30:54:Infinity":26,"s:55:2:67:Infinity":27,"s:55:15:55:18":28,"s:56:17:56:Infinity":29,"b:57:4:59:Infinity:undefined:undefined:undefined:undefined":23,"s:57:4:59:Infinity":30,"b:57:8:57:36:57:36:57:51:57:51:57:68":24,"s:58:6:58:Infinity":31,"b:60:4:62:Infinity:undefined:undefined:undefined:undefined":25,"s:60:4:62:Infinity":32,"s:61:6:61:Infinity":33,"b:63:4:65:Infinity:undefined:undefined:undefined:undefined":26,"s:63:4:65:Infinity":34,"b:63:8:63:27:63:27:63:44":27,"s:64:6:64:Infinity":35,"s:66:4:66:Infinity":36,"s:69:2:69:Infinity":37}}}
}
